[0.857s] Invoking command in '/home/jone/robo_400/ros2_ws/build/my_package': PYTHONPATH=/home/jone/robo_400/ros2_ws/build/my_package/prefix_override:/usr/lib/python3/dist-packages/colcon_core/task/python/colcon_distutils_commands:/home/jone/robo_400/ros2_ws/install/my_package/lib/python3.10/site-packages:${PYTHONPATH} /usr/bin/python3 -W ignore:setup.py install is deprecated -W ignore:easy_install command is deprecated setup.py develop --editable --build-directory /home/jone/robo_400/ros2_ws/build/my_package/build --no-deps symlink_data
[1.059s] running develop
[1.181s] running egg_info
[1.181s] creating my_package.egg-info
[1.181s] writing my_package.egg-info/PKG-INFO
[1.181s] writing dependency_links to my_package.egg-info/dependency_links.txt
[1.181s] writing entry points to my_package.egg-info/entry_points.txt
[1.181s] writing requirements to my_package.egg-info/requires.txt
[1.181s] writing top-level names to my_package.egg-info/top_level.txt
[1.182s] writing manifest file 'my_package.egg-info/SOURCES.txt'
[1.183s] reading manifest file 'my_package.egg-info/SOURCES.txt'
[1.184s] writing manifest file 'my_package.egg-info/SOURCES.txt'
[1.185s] running build_ext
[1.187s] Creating /home/jone/robo_400/ros2_ws/install/my_package/lib/python3.10/site-packages/my-package.egg-link (link to .)
[1.188s] Installing my_node script to /home/jone/robo_400/ros2_ws/install/my_package/lib/my_package
[1.188s] 
[1.188s] Installed /home/jone/robo_400/ros2_ws/build/my_package
[1.188s] running symlink_data
[1.188s] creating /home/jone/robo_400/ros2_ws/install/my_package/share/ament_index
[1.188s] creating /home/jone/robo_400/ros2_ws/install/my_package/share/ament_index/resource_index
[1.188s] creating /home/jone/robo_400/ros2_ws/install/my_package/share/ament_index/resource_index/packages
[1.188s] symbolically linking /home/jone/robo_400/ros2_ws/build/my_package/resource/my_package -> /home/jone/robo_400/ros2_ws/install/my_package/share/ament_index/resource_index/packages
[1.188s] symbolically linking /home/jone/robo_400/ros2_ws/build/my_package/package.xml -> /home/jone/robo_400/ros2_ws/install/my_package/share/my_package
[1.228s] Invoked command in '/home/jone/robo_400/ros2_ws/build/my_package' returned '0': PYTHONPATH=/home/jone/robo_400/ros2_ws/build/my_package/prefix_override:/usr/lib/python3/dist-packages/colcon_core/task/python/colcon_distutils_commands:/home/jone/robo_400/ros2_ws/install/my_package/lib/python3.10/site-packages:${PYTHONPATH} /usr/bin/python3 -W ignore:setup.py install is deprecated -W ignore:easy_install command is deprecated setup.py develop --editable --build-directory /home/jone/robo_400/ros2_ws/build/my_package/build --no-deps symlink_data
