[0.007s] Invoking command in '/home/jone/ros2_ws/build/turtlesim': CMAKE_PREFIX_PATH=${CMAKE_PREFIX_PATH}:/opt/ros/humble /usr/bin/cmake --build /home/jone/ros2_ws/build/turtlesim -- -j16 -l16
[0.045s] [35m[1mConsolidate compiler generated dependencies of target turtlesim__rosidl_generator_c[0m
[0.052s] [  1%] Built target turtlesim__cpp
[0.055s] [ 11%] Built target turtlesim__rosidl_generator_c
[0.062s] [ 11%] Built target ament_cmake_python_copy_turtlesim
[0.063s] [35m[1mConsolidate compiler generated dependencies of target turtlesim__rosidl_typesupport_cpp[0m
[0.064s] [35m[1mConsolidate compiler generated dependencies of target turtlesim__rosidl_typesupport_introspection_cpp[0m
[0.066s] [35m[1mConsolidate compiler generated dependencies of target turtlesim__rosidl_typesupport_introspection_c[0m
[0.066s] [35m[1mConsolidate compiler generated dependencies of target turtlesim__rosidl_typesupport_fastrtps_cpp[0m
[0.067s] [35m[1mConsolidate compiler generated dependencies of target turtlesim__rosidl_typesupport_fastrtps_c[0m
[0.067s] [35m[1mConsolidate compiler generated dependencies of target turtlesim__rosidl_typesupport_c[0m
[0.079s] [ 41%] Built target turtlesim__rosidl_typesupport_introspection_c
[0.080s] [ 41%] Built target turtlesim__rosidl_typesupport_c
[0.080s] [ 41%] Built target turtlesim__rosidl_typesupport_cpp
[0.080s] [ 51%] Built target turtlesim__rosidl_typesupport_introspection_cpp
[0.084s] [ 69%] Built target turtlesim__rosidl_typesupport_fastrtps_cpp
[0.084s] [ 71%] Built target turtlesim__rosidl_typesupport_fastrtps_c
[0.090s] [35m[1mConsolidate compiler generated dependencies of target mimic[0m
[0.091s] [35m[1mConsolidate compiler generated dependencies of target draw_square[0m
[0.091s] [35m[1mConsolidate compiler generated dependencies of target turtle_teleop_key[0m
[0.093s] [35m[1mConsolidate compiler generated dependencies of target turtlesim_node[0m
[0.104s] [ 71%] Built target turtlesim
[0.107s] [ 77%] Built target draw_square
[0.107s] [ 77%] Built target mimic
[0.107s] [ 77%] Built target turtle_teleop_key
[0.119s] [ 78%] [32mBuilding CXX object CMakeFiles/turtlesim_node.dir/src/turtle_frame.cpp.o[0m
[0.124s] [ 79%] Built target turtlesim__py
[0.135s] [35m[1mConsolidate compiler generated dependencies of target turtlesim__rosidl_generator_py[0m
[0.150s] [ 88%] Built target turtlesim__rosidl_generator_py
[0.160s] [35m[1mConsolidate compiler generated dependencies of target turtlesim__rosidl_typesupport_fastrtps_c__pyext[0m
[0.160s] [35m[1mConsolidate compiler generated dependencies of target turtlesim__rosidl_typesupport_introspection_c__pyext[0m
[0.160s] [35m[1mConsolidate compiler generated dependencies of target turtlesim__rosidl_typesupport_c__pyext[0m
[0.173s] [ 94%] Built target turtlesim__rosidl_typesupport_c__pyext
[0.173s] [ 94%] Built target turtlesim__rosidl_typesupport_fastrtps_c__pyext
[0.173s] [ 94%] Built target turtlesim__rosidl_typesupport_introspection_c__pyext
[0.251s] running egg_info
[0.252s] writing turtlesim.egg-info/PKG-INFO
[0.252s] writing dependency_links to turtlesim.egg-info/dependency_links.txt
[0.252s] writing top-level names to turtlesim.egg-info/top_level.txt
[0.253s] reading manifest file 'turtlesim.egg-info/SOURCES.txt'
[0.254s] writing manifest file 'turtlesim.egg-info/SOURCES.txt'
[0.275s] [ 94%] Built target ament_cmake_python_build_turtlesim_egg
[8.233s] [ 95%] [32m[1mLinking CXX executable turtlesim_node[0m
[9.934s] [100%] Built target turtlesim_node
[9.945s] Invoked command in '/home/jone/ros2_ws/build/turtlesim' returned '0': CMAKE_PREFIX_PATH=${CMAKE_PREFIX_PATH}:/opt/ros/humble /usr/bin/cmake --build /home/jone/ros2_ws/build/turtlesim -- -j16 -l16
[9.953s] Invoking command in '/home/jone/ros2_ws/build/turtlesim': CMAKE_PREFIX_PATH=${CMAKE_PREFIX_PATH}:/opt/ros/humble /usr/bin/cmake --install /home/jone/ros2_ws/build/turtlesim
[9.959s] -- Install configuration: ""
[9.959s] -- Up-to-date: /home/jone/ros2_ws/install/turtlesim/share/ament_index/resource_index/rosidl_interfaces/turtlesim
[9.959s] -- Up-to-date: /home/jone/ros2_ws/install/turtlesim/include/turtlesim/turtlesim
[9.959s] -- Up-to-date: /home/jone/ros2_ws/install/turtlesim/include/turtlesim/turtlesim/action
[9.960s] -- Up-to-date: /home/jone/ros2_ws/install/turtlesim/include/turtlesim/turtlesim/action/rotate_absolute.h
[9.960s] -- Up-to-date: /home/jone/ros2_ws/install/turtlesim/include/turtlesim/turtlesim/action/detail
[9.960s] -- Up-to-date: /home/jone/ros2_ws/install/turtlesim/include/turtlesim/turtlesim/action/detail/rotate_absolute__struct.h
[9.960s] -- Up-to-date: /home/jone/ros2_ws/install/turtlesim/include/turtlesim/turtlesim/action/detail/rotate_absolute__functions.h
[9.960s] -- Up-to-date: /home/jone/ros2_ws/install/turtlesim/include/turtlesim/turtlesim/action/detail/rotate_absolute__type_support.h
[9.960s] -- Up-to-date: /home/jone/ros2_ws/install/turtlesim/include/turtlesim/turtlesim/action/detail/rotate_absolute__functions.c
[9.960s] -- Up-to-date: /home/jone/ros2_ws/install/turtlesim/include/turtlesim/turtlesim/msg
[9.960s] -- Up-to-date: /home/jone/ros2_ws/install/turtlesim/include/turtlesim/turtlesim/msg/pose.h
[9.960s] -- Up-to-date: /home/jone/ros2_ws/install/turtlesim/include/turtlesim/turtlesim/msg/color.h
[9.961s] -- Up-to-date: /home/jone/ros2_ws/install/turtlesim/include/turtlesim/turtlesim/msg/detail
[9.961s] -- Up-to-date: /home/jone/ros2_ws/install/turtlesim/include/turtlesim/turtlesim/msg/detail/pose__functions.h
[9.961s] -- Up-to-date: /home/jone/ros2_ws/install/turtlesim/include/turtlesim/turtlesim/msg/detail/color__functions.c
[9.961s] -- Up-to-date: /home/jone/ros2_ws/install/turtlesim/include/turtlesim/turtlesim/msg/detail/pose__functions.c
[9.961s] -- Up-to-date: /home/jone/ros2_ws/install/turtlesim/include/turtlesim/turtlesim/msg/detail/pose__struct.h
[9.961s] -- Up-to-date: /home/jone/ros2_ws/install/turtlesim/include/turtlesim/turtlesim/msg/detail/pose__type_support.h
[9.961s] -- Up-to-date: /home/jone/ros2_ws/install/turtlesim/include/turtlesim/turtlesim/msg/detail/color__type_support.h
[9.961s] -- Up-to-date: /home/jone/ros2_ws/install/turtlesim/include/turtlesim/turtlesim/msg/detail/color__struct.h
[9.961s] -- Up-to-date: /home/jone/ros2_ws/install/turtlesim/include/turtlesim/turtlesim/msg/detail/color__functions.h
[9.961s] -- Up-to-date: /home/jone/ros2_ws/install/turtlesim/include/turtlesim/turtlesim/msg/rosidl_generator_c__visibility_control.h
[9.961s] -- Up-to-date: /home/jone/ros2_ws/install/turtlesim/include/turtlesim/turtlesim/srv
[9.961s] -- Up-to-date: /home/jone/ros2_ws/install/turtlesim/include/turtlesim/turtlesim/srv/kill.h
[9.961s] -- Up-to-date: /home/jone/ros2_ws/install/turtlesim/include/turtlesim/turtlesim/srv/teleport_absolute.h
[9.961s] -- Up-to-date: /home/jone/ros2_ws/install/turtlesim/include/turtlesim/turtlesim/srv/detail
[9.961s] -- Up-to-date: /home/jone/ros2_ws/install/turtlesim/include/turtlesim/turtlesim/srv/detail/teleport_relative__type_support.h
[9.961s] -- Up-to-date: /home/jone/ros2_ws/install/turtlesim/include/turtlesim/turtlesim/srv/detail/set_pen__functions.c
[9.961s] -- Up-to-date: /home/jone/ros2_ws/install/turtlesim/include/turtlesim/turtlesim/srv/detail/set_pen__functions.h
[9.961s] -- Up-to-date: /home/jone/ros2_ws/install/turtlesim/include/turtlesim/turtlesim/srv/detail/spawn__functions.c
[9.962s] -- Up-to-date: /home/jone/ros2_ws/install/turtlesim/include/turtlesim/turtlesim/srv/detail/kill__struct.h
[9.962s] -- Up-to-date: /home/jone/ros2_ws/install/turtlesim/include/turtlesim/turtlesim/srv/detail/teleport_relative__functions.h
[9.962s] -- Up-to-date: /home/jone/ros2_ws/install/turtlesim/include/turtlesim/turtlesim/srv/detail/kill__type_support.h
[9.962s] -- Up-to-date: /home/jone/ros2_ws/install/turtlesim/include/turtlesim/turtlesim/srv/detail/spawn__type_support.h
[9.962s] -- Up-to-date: /home/jone/ros2_ws/install/turtlesim/include/turtlesim/turtlesim/srv/detail/spawn__functions.h
[9.962s] -- Up-to-date: /home/jone/ros2_ws/install/turtlesim/include/turtlesim/turtlesim/srv/detail/teleport_absolute__functions.h
[9.962s] -- Up-to-date: /home/jone/ros2_ws/install/turtlesim/include/turtlesim/turtlesim/srv/detail/teleport_relative__struct.h
[9.962s] -- Up-to-date: /home/jone/ros2_ws/install/turtlesim/include/turtlesim/turtlesim/srv/detail/set_pen__type_support.h
[9.962s] -- Up-to-date: /home/jone/ros2_ws/install/turtlesim/include/turtlesim/turtlesim/srv/detail/kill__functions.h
[9.962s] -- Up-to-date: /home/jone/ros2_ws/install/turtlesim/include/turtlesim/turtlesim/srv/detail/teleport_absolute__type_support.h
[9.962s] -- Up-to-date: /home/jone/ros2_ws/install/turtlesim/include/turtlesim/turtlesim/srv/detail/kill__functions.c
[9.962s] -- Up-to-date: /home/jone/ros2_ws/install/turtlesim/include/turtlesim/turtlesim/srv/detail/teleport_relative__functions.c
[9.962s] -- Up-to-date: /home/jone/ros2_ws/install/turtlesim/include/turtlesim/turtlesim/srv/detail/teleport_absolute__struct.h
[9.962s] -- Up-to-date: /home/jone/ros2_ws/install/turtlesim/include/turtlesim/turtlesim/srv/detail/teleport_absolute__functions.c
[9.962s] -- Up-to-date: /home/jone/ros2_ws/install/turtlesim/include/turtlesim/turtlesim/srv/detail/spawn__struct.h
[9.962s] -- Up-to-date: /home/jone/ros2_ws/install/turtlesim/include/turtlesim/turtlesim/srv/detail/set_pen__struct.h
[9.962s] -- Up-to-date: /home/jone/ros2_ws/install/turtlesim/include/turtlesim/turtlesim/srv/set_pen.h
[9.962s] -- Up-to-date: /home/jone/ros2_ws/install/turtlesim/include/turtlesim/turtlesim/srv/spawn.h
[9.962s] -- Up-to-date: /home/jone/ros2_ws/install/turtlesim/include/turtlesim/turtlesim/srv/teleport_relative.h
[9.962s] -- Up-to-date: /home/jone/ros2_ws/install/turtlesim/share/turtlesim/environment/library_path.sh
[9.962s] -- Up-to-date: /home/jone/ros2_ws/install/turtlesim/share/turtlesim/environment/library_path.dsv
[9.963s] -- Up-to-date: /home/jone/ros2_ws/install/turtlesim/lib/libturtlesim__rosidl_generator_c.so
[9.963s] -- Up-to-date: /home/jone/ros2_ws/install/turtlesim/include/turtlesim/turtlesim
[9.963s] -- Up-to-date: /home/jone/ros2_ws/install/turtlesim/include/turtlesim/turtlesim/action
[9.963s] -- Up-to-date: /home/jone/ros2_ws/install/turtlesim/include/turtlesim/turtlesim/action/detail
[9.963s] -- Up-to-date: /home/jone/ros2_ws/install/turtlesim/include/turtlesim/turtlesim/action/detail/rotate_absolute__rosidl_typesupport_fastrtps_c.h
[9.963s] -- Up-to-date: /home/jone/ros2_ws/install/turtlesim/include/turtlesim/turtlesim/msg
[9.963s] -- Up-to-date: /home/jone/ros2_ws/install/turtlesim/include/turtlesim/turtlesim/msg/rosidl_typesupport_fastrtps_c__visibility_control.h
[9.963s] -- Up-to-date: /home/jone/ros2_ws/install/turtlesim/include/turtlesim/turtlesim/msg/detail
[9.963s] -- Up-to-date: /home/jone/ros2_ws/install/turtlesim/include/turtlesim/turtlesim/msg/detail/color__rosidl_typesupport_fastrtps_c.h
[9.963s] -- Up-to-date: /home/jone/ros2_ws/install/turtlesim/include/turtlesim/turtlesim/msg/detail/pose__rosidl_typesupport_fastrtps_c.h
[9.963s] -- Up-to-date: /home/jone/ros2_ws/install/turtlesim/include/turtlesim/turtlesim/srv
[9.963s] -- Up-to-date: /home/jone/ros2_ws/install/turtlesim/include/turtlesim/turtlesim/srv/detail
[9.963s] -- Up-to-date: /home/jone/ros2_ws/install/turtlesim/include/turtlesim/turtlesim/srv/detail/set_pen__rosidl_typesupport_fastrtps_c.h
[9.963s] -- Up-to-date: /home/jone/ros2_ws/install/turtlesim/include/turtlesim/turtlesim/srv/detail/kill__rosidl_typesupport_fastrtps_c.h
[9.963s] -- Up-to-date: /home/jone/ros2_ws/install/turtlesim/include/turtlesim/turtlesim/srv/detail/spawn__rosidl_typesupport_fastrtps_c.h
[9.963s] -- Up-to-date: /home/jone/ros2_ws/install/turtlesim/include/turtlesim/turtlesim/srv/detail/teleport_absolute__rosidl_typesupport_fastrtps_c.h
[9.963s] -- Up-to-date: /home/jone/ros2_ws/install/turtlesim/include/turtlesim/turtlesim/srv/detail/teleport_relative__rosidl_typesupport_fastrtps_c.h
[9.964s] -- Up-to-date: /home/jone/ros2_ws/install/turtlesim/lib/libturtlesim__rosidl_typesupport_fastrtps_c.so
[9.964s] -- Up-to-date: /home/jone/ros2_ws/install/turtlesim/include/turtlesim/turtlesim
[9.964s] -- Up-to-date: /home/jone/ros2_ws/install/turtlesim/include/turtlesim/turtlesim/action
[9.964s] -- Up-to-date: /home/jone/ros2_ws/install/turtlesim/include/turtlesim/turtlesim/action/rotate_absolute.hpp
[9.964s] -- Up-to-date: /home/jone/ros2_ws/install/turtlesim/include/turtlesim/turtlesim/action/detail
[9.964s] -- Up-to-date: /home/jone/ros2_ws/install/turtlesim/include/turtlesim/turtlesim/action/detail/rotate_absolute__traits.hpp
[9.964s] -- Up-to-date: /home/jone/ros2_ws/install/turtlesim/include/turtlesim/turtlesim/action/detail/rotate_absolute__struct.hpp
[9.964s] -- Up-to-date: /home/jone/ros2_ws/install/turtlesim/include/turtlesim/turtlesim/action/detail/rotate_absolute__builder.hpp
[9.964s] -- Up-to-date: /home/jone/ros2_ws/install/turtlesim/include/turtlesim/turtlesim/action/detail/rotate_absolute__type_support.hpp
[9.964s] -- Up-to-date: /home/jone/ros2_ws/install/turtlesim/include/turtlesim/turtlesim/msg
[9.964s] -- Up-to-date: /home/jone/ros2_ws/install/turtlesim/include/turtlesim/turtlesim/msg/pose.hpp
[9.964s] -- Up-to-date: /home/jone/ros2_ws/install/turtlesim/include/turtlesim/turtlesim/msg/rosidl_generator_cpp__visibility_control.hpp
[9.964s] -- Up-to-date: /home/jone/ros2_ws/install/turtlesim/include/turtlesim/turtlesim/msg/detail
[9.964s] -- Up-to-date: /home/jone/ros2_ws/install/turtlesim/include/turtlesim/turtlesim/msg/detail/color__type_support.hpp
[9.964s] -- Up-to-date: /home/jone/ros2_ws/install/turtlesim/include/turtlesim/turtlesim/msg/detail/pose__struct.hpp
[9.964s] -- Up-to-date: /home/jone/ros2_ws/install/turtlesim/include/turtlesim/turtlesim/msg/detail/color__struct.hpp
[9.964s] -- Up-to-date: /home/jone/ros2_ws/install/turtlesim/include/turtlesim/turtlesim/msg/detail/color__traits.hpp
[9.964s] -- Up-to-date: /home/jone/ros2_ws/install/turtlesim/include/turtlesim/turtlesim/msg/detail/pose__type_support.hpp
[9.964s] -- Up-to-date: /home/jone/ros2_ws/install/turtlesim/include/turtlesim/turtlesim/msg/detail/color__builder.hpp
[9.964s] -- Up-to-date: /home/jone/ros2_ws/install/turtlesim/include/turtlesim/turtlesim/msg/detail/pose__traits.hpp
[9.964s] -- Up-to-date: /home/jone/ros2_ws/install/turtlesim/include/turtlesim/turtlesim/msg/detail/pose__builder.hpp
[9.964s] -- Up-to-date: /home/jone/ros2_ws/install/turtlesim/include/turtlesim/turtlesim/msg/color.hpp
[9.965s] -- Up-to-date: /home/jone/ros2_ws/install/turtlesim/include/turtlesim/turtlesim/srv
[9.965s] -- Up-to-date: /home/jone/ros2_ws/install/turtlesim/include/turtlesim/turtlesim/srv/teleport_relative.hpp
[9.965s] -- Up-to-date: /home/jone/ros2_ws/install/turtlesim/include/turtlesim/turtlesim/srv/kill.hpp
[9.965s] -- Up-to-date: /home/jone/ros2_ws/install/turtlesim/include/turtlesim/turtlesim/srv/teleport_absolute.hpp
[9.965s] -- Up-to-date: /home/jone/ros2_ws/install/turtlesim/include/turtlesim/turtlesim/srv/detail
[9.965s] -- Up-to-date: /home/jone/ros2_ws/install/turtlesim/include/turtlesim/turtlesim/srv/detail/spawn__struct.hpp
[9.965s] -- Up-to-date: /home/jone/ros2_ws/install/turtlesim/include/turtlesim/turtlesim/srv/detail/spawn__traits.hpp
[9.965s] -- Up-to-date: /home/jone/ros2_ws/install/turtlesim/include/turtlesim/turtlesim/srv/detail/teleport_absolute__traits.hpp
[9.965s] -- Up-to-date: /home/jone/ros2_ws/install/turtlesim/include/turtlesim/turtlesim/srv/detail/teleport_absolute__builder.hpp
[9.965s] -- Up-to-date: /home/jone/ros2_ws/install/turtlesim/include/turtlesim/turtlesim/srv/detail/set_pen__struct.hpp
[9.965s] -- Up-to-date: /home/jone/ros2_ws/install/turtlesim/include/turtlesim/turtlesim/srv/detail/teleport_relative__builder.hpp
[9.965s] -- Up-to-date: /home/jone/ros2_ws/install/turtlesim/include/turtlesim/turtlesim/srv/detail/set_pen__traits.hpp
[9.965s] -- Up-to-date: /home/jone/ros2_ws/install/turtlesim/include/turtlesim/turtlesim/srv/detail/set_pen__type_support.hpp
[9.965s] -- Up-to-date: /home/jone/ros2_ws/install/turtlesim/include/turtlesim/turtlesim/srv/detail/teleport_absolute__type_support.hpp
[9.965s] -- Up-to-date: /home/jone/ros2_ws/install/turtlesim/include/turtlesim/turtlesim/srv/detail/spawn__builder.hpp
[9.965s] -- Up-to-date: /home/jone/ros2_ws/install/turtlesim/include/turtlesim/turtlesim/srv/detail/kill__traits.hpp
[9.965s] -- Up-to-date: /home/jone/ros2_ws/install/turtlesim/include/turtlesim/turtlesim/srv/detail/teleport_relative__struct.hpp
[9.965s] -- Up-to-date: /home/jone/ros2_ws/install/turtlesim/include/turtlesim/turtlesim/srv/detail/kill__type_support.hpp
[9.965s] -- Up-to-date: /home/jone/ros2_ws/install/turtlesim/include/turtlesim/turtlesim/srv/detail/teleport_absolute__struct.hpp
[9.965s] -- Up-to-date: /home/jone/ros2_ws/install/turtlesim/include/turtlesim/turtlesim/srv/detail/teleport_relative__traits.hpp
[9.965s] -- Up-to-date: /home/jone/ros2_ws/install/turtlesim/include/turtlesim/turtlesim/srv/detail/teleport_relative__type_support.hpp
[9.966s] -- Up-to-date: /home/jone/ros2_ws/install/turtlesim/include/turtlesim/turtlesim/srv/detail/spawn__type_support.hpp
[9.966s] -- Up-to-date: /home/jone/ros2_ws/install/turtlesim/include/turtlesim/turtlesim/srv/detail/set_pen__builder.hpp
[9.966s] -- Up-to-date: /home/jone/ros2_ws/install/turtlesim/include/turtlesim/turtlesim/srv/detail/kill__struct.hpp
[9.966s] -- Up-to-date: /home/jone/ros2_ws/install/turtlesim/include/turtlesim/turtlesim/srv/detail/kill__builder.hpp
[9.966s] -- Up-to-date: /home/jone/ros2_ws/install/turtlesim/include/turtlesim/turtlesim/srv/set_pen.hpp
[9.966s] -- Up-to-date: /home/jone/ros2_ws/install/turtlesim/include/turtlesim/turtlesim/srv/spawn.hpp
[9.966s] -- Up-to-date: /home/jone/ros2_ws/install/turtlesim/include/turtlesim/turtlesim
[9.966s] -- Up-to-date: /home/jone/ros2_ws/install/turtlesim/include/turtlesim/turtlesim/action
[9.966s] -- Up-to-date: /home/jone/ros2_ws/install/turtlesim/include/turtlesim/turtlesim/action/detail
[9.966s] -- Up-to-date: /home/jone/ros2_ws/install/turtlesim/include/turtlesim/turtlesim/action/detail/rotate_absolute__rosidl_typesupport_fastrtps_cpp.hpp
[9.966s] -- Up-to-date: /home/jone/ros2_ws/install/turtlesim/include/turtlesim/turtlesim/action/detail/dds_fastrtps
[9.966s] -- Up-to-date: /home/jone/ros2_ws/install/turtlesim/include/turtlesim/turtlesim/msg
[9.966s] -- Up-to-date: /home/jone/ros2_ws/install/turtlesim/include/turtlesim/turtlesim/msg/rosidl_typesupport_fastrtps_cpp__visibility_control.h
[9.966s] -- Up-to-date: /home/jone/ros2_ws/install/turtlesim/include/turtlesim/turtlesim/msg/detail
[9.966s] -- Up-to-date: /home/jone/ros2_ws/install/turtlesim/include/turtlesim/turtlesim/msg/detail/pose__rosidl_typesupport_fastrtps_cpp.hpp
[9.966s] -- Up-to-date: /home/jone/ros2_ws/install/turtlesim/include/turtlesim/turtlesim/msg/detail/color__rosidl_typesupport_fastrtps_cpp.hpp
[9.966s] -- Up-to-date: /home/jone/ros2_ws/install/turtlesim/include/turtlesim/turtlesim/msg/detail/dds_fastrtps
[9.966s] -- Up-to-date: /home/jone/ros2_ws/install/turtlesim/include/turtlesim/turtlesim/srv
[9.966s] -- Up-to-date: /home/jone/ros2_ws/install/turtlesim/include/turtlesim/turtlesim/srv/detail
[9.966s] -- Up-to-date: /home/jone/ros2_ws/install/turtlesim/include/turtlesim/turtlesim/srv/detail/teleport_relative__rosidl_typesupport_fastrtps_cpp.hpp
[9.966s] -- Up-to-date: /home/jone/ros2_ws/install/turtlesim/include/turtlesim/turtlesim/srv/detail/spawn__rosidl_typesupport_fastrtps_cpp.hpp
[9.966s] -- Up-to-date: /home/jone/ros2_ws/install/turtlesim/include/turtlesim/turtlesim/srv/detail/set_pen__rosidl_typesupport_fastrtps_cpp.hpp
[9.966s] -- Up-to-date: /home/jone/ros2_ws/install/turtlesim/include/turtlesim/turtlesim/srv/detail/kill__rosidl_typesupport_fastrtps_cpp.hpp
[9.967s] -- Up-to-date: /home/jone/ros2_ws/install/turtlesim/include/turtlesim/turtlesim/srv/detail/teleport_absolute__rosidl_typesupport_fastrtps_cpp.hpp
[9.967s] -- Up-to-date: /home/jone/ros2_ws/install/turtlesim/include/turtlesim/turtlesim/srv/detail/dds_fastrtps
[9.967s] -- Up-to-date: /home/jone/ros2_ws/install/turtlesim/lib/libturtlesim__rosidl_typesupport_fastrtps_cpp.so
[9.967s] -- Up-to-date: /home/jone/ros2_ws/install/turtlesim/include/turtlesim/turtlesim
[9.967s] -- Up-to-date: /home/jone/ros2_ws/install/turtlesim/include/turtlesim/turtlesim/action
[9.967s] -- Up-to-date: /home/jone/ros2_ws/install/turtlesim/include/turtlesim/turtlesim/action/detail
[9.967s] -- Up-to-date: /home/jone/ros2_ws/install/turtlesim/include/turtlesim/turtlesim/action/detail/rotate_absolute__type_support.c
[9.967s] -- Up-to-date: /home/jone/ros2_ws/install/turtlesim/include/turtlesim/turtlesim/action/detail/rotate_absolute__rosidl_typesupport_introspection_c.h
[9.967s] -- Up-to-date: /home/jone/ros2_ws/install/turtlesim/include/turtlesim/turtlesim/msg
[9.967s] -- Up-to-date: /home/jone/ros2_ws/install/turtlesim/include/turtlesim/turtlesim/msg/rosidl_typesupport_introspection_c__visibility_control.h
[9.967s] -- Up-to-date: /home/jone/ros2_ws/install/turtlesim/include/turtlesim/turtlesim/msg/detail
[9.967s] -- Up-to-date: /home/jone/ros2_ws/install/turtlesim/include/turtlesim/turtlesim/msg/detail/pose__type_support.c
[9.967s] -- Up-to-date: /home/jone/ros2_ws/install/turtlesim/include/turtlesim/turtlesim/msg/detail/color__type_support.c
[9.967s] -- Up-to-date: /home/jone/ros2_ws/install/turtlesim/include/turtlesim/turtlesim/msg/detail/pose__rosidl_typesupport_introspection_c.h
[9.967s] -- Up-to-date: /home/jone/ros2_ws/install/turtlesim/include/turtlesim/turtlesim/msg/detail/color__rosidl_typesupport_introspection_c.h
[9.967s] -- Up-to-date: /home/jone/ros2_ws/install/turtlesim/include/turtlesim/turtlesim/srv
[9.967s] -- Up-to-date: /home/jone/ros2_ws/install/turtlesim/include/turtlesim/turtlesim/srv/detail
[9.967s] -- Up-to-date: /home/jone/ros2_ws/install/turtlesim/include/turtlesim/turtlesim/srv/detail/spawn__rosidl_typesupport_introspection_c.h
[9.967s] -- Up-to-date: /home/jone/ros2_ws/install/turtlesim/include/turtlesim/turtlesim/srv/detail/teleport_absolute__type_support.c
[9.967s] -- Up-to-date: /home/jone/ros2_ws/install/turtlesim/include/turtlesim/turtlesim/srv/detail/teleport_absolute__rosidl_typesupport_introspection_c.h
[9.967s] -- Up-to-date: /home/jone/ros2_ws/install/turtlesim/include/turtlesim/turtlesim/srv/detail/teleport_relative__rosidl_typesupport_introspection_c.h
[9.967s] -- Up-to-date: /home/jone/ros2_ws/install/turtlesim/include/turtlesim/turtlesim/srv/detail/set_pen__type_support.c
[9.968s] -- Up-to-date: /home/jone/ros2_ws/install/turtlesim/include/turtlesim/turtlesim/srv/detail/teleport_relative__type_support.c
[9.968s] -- Up-to-date: /home/jone/ros2_ws/install/turtlesim/include/turtlesim/turtlesim/srv/detail/kill__rosidl_typesupport_introspection_c.h
[9.968s] -- Up-to-date: /home/jone/ros2_ws/install/turtlesim/include/turtlesim/turtlesim/srv/detail/set_pen__rosidl_typesupport_introspection_c.h
[9.968s] -- Up-to-date: /home/jone/ros2_ws/install/turtlesim/include/turtlesim/turtlesim/srv/detail/spawn__type_support.c
[9.968s] -- Up-to-date: /home/jone/ros2_ws/install/turtlesim/include/turtlesim/turtlesim/srv/detail/kill__type_support.c
[9.968s] -- Up-to-date: /home/jone/ros2_ws/install/turtlesim/lib/libturtlesim__rosidl_typesupport_introspection_c.so
[9.968s] -- Up-to-date: /home/jone/ros2_ws/install/turtlesim/lib/libturtlesim__rosidl_typesupport_c.so
[9.968s] -- Up-to-date: /home/jone/ros2_ws/install/turtlesim/include/turtlesim/turtlesim
[9.968s] -- Up-to-date: /home/jone/ros2_ws/install/turtlesim/include/turtlesim/turtlesim/action
[9.968s] -- Up-to-date: /home/jone/ros2_ws/install/turtlesim/include/turtlesim/turtlesim/action/detail
[9.968s] -- Up-to-date: /home/jone/ros2_ws/install/turtlesim/include/turtlesim/turtlesim/action/detail/rotate_absolute__rosidl_typesupport_introspection_cpp.hpp
[9.968s] -- Up-to-date: /home/jone/ros2_ws/install/turtlesim/include/turtlesim/turtlesim/action/detail/rotate_absolute__type_support.cpp
[9.968s] -- Up-to-date: /home/jone/ros2_ws/install/turtlesim/include/turtlesim/turtlesim/msg
[9.968s] -- Up-to-date: /home/jone/ros2_ws/install/turtlesim/include/turtlesim/turtlesim/msg/detail
[9.968s] -- Up-to-date: /home/jone/ros2_ws/install/turtlesim/include/turtlesim/turtlesim/msg/detail/color__rosidl_typesupport_introspection_cpp.hpp
[9.968s] -- Up-to-date: /home/jone/ros2_ws/install/turtlesim/include/turtlesim/turtlesim/msg/detail/pose__rosidl_typesupport_introspection_cpp.hpp
[9.968s] -- Up-to-date: /home/jone/ros2_ws/install/turtlesim/include/turtlesim/turtlesim/msg/detail/color__type_support.cpp
[9.968s] -- Up-to-date: /home/jone/ros2_ws/install/turtlesim/include/turtlesim/turtlesim/msg/detail/pose__type_support.cpp
[9.968s] -- Up-to-date: /home/jone/ros2_ws/install/turtlesim/include/turtlesim/turtlesim/srv
[9.968s] -- Up-to-date: /home/jone/ros2_ws/install/turtlesim/include/turtlesim/turtlesim/srv/detail
[9.968s] -- Up-to-date: /home/jone/ros2_ws/install/turtlesim/include/turtlesim/turtlesim/srv/detail/teleport_relative__type_support.cpp
[9.968s] -- Up-to-date: /home/jone/ros2_ws/install/turtlesim/include/turtlesim/turtlesim/srv/detail/set_pen__rosidl_typesupport_introspection_cpp.hpp
[9.968s] -- Up-to-date: /home/jone/ros2_ws/install/turtlesim/include/turtlesim/turtlesim/srv/detail/kill__type_support.cpp
[9.969s] -- Up-to-date: /home/jone/ros2_ws/install/turtlesim/include/turtlesim/turtlesim/srv/detail/kill__rosidl_typesupport_introspection_cpp.hpp
[9.969s] -- Up-to-date: /home/jone/ros2_ws/install/turtlesim/include/turtlesim/turtlesim/srv/detail/teleport_absolute__rosidl_typesupport_introspection_cpp.hpp
[9.969s] -- Up-to-date: /home/jone/ros2_ws/install/turtlesim/include/turtlesim/turtlesim/srv/detail/teleport_absolute__type_support.cpp
[9.969s] -- Up-to-date: /home/jone/ros2_ws/install/turtlesim/include/turtlesim/turtlesim/srv/detail/spawn__type_support.cpp
[9.969s] -- Up-to-date: /home/jone/ros2_ws/install/turtlesim/include/turtlesim/turtlesim/srv/detail/teleport_relative__rosidl_typesupport_introspection_cpp.hpp
[9.969s] -- Up-to-date: /home/jone/ros2_ws/install/turtlesim/include/turtlesim/turtlesim/srv/detail/spawn__rosidl_typesupport_introspection_cpp.hpp
[9.969s] -- Up-to-date: /home/jone/ros2_ws/install/turtlesim/include/turtlesim/turtlesim/srv/detail/set_pen__type_support.cpp
[9.969s] -- Up-to-date: /home/jone/ros2_ws/install/turtlesim/lib/libturtlesim__rosidl_typesupport_introspection_cpp.so
[9.969s] -- Up-to-date: /home/jone/ros2_ws/install/turtlesim/lib/libturtlesim__rosidl_typesupport_cpp.so
[9.969s] -- Up-to-date: /home/jone/ros2_ws/install/turtlesim/share/turtlesim/environment/pythonpath.sh
[9.969s] -- Up-to-date: /home/jone/ros2_ws/install/turtlesim/share/turtlesim/environment/pythonpath.dsv
[9.969s] -- Up-to-date: /home/jone/ros2_ws/install/turtlesim/local/lib/python3.10/dist-packages/turtlesim-1.4.2-py3.10.egg-info
[9.969s] -- Installing: /home/jone/ros2_ws/install/turtlesim/local/lib/python3.10/dist-packages/turtlesim-1.4.2-py3.10.egg-info/SOURCES.txt
[9.969s] -- Installing: /home/jone/ros2_ws/install/turtlesim/local/lib/python3.10/dist-packages/turtlesim-1.4.2-py3.10.egg-info/top_level.txt
[9.969s] -- Installing: /home/jone/ros2_ws/install/turtlesim/local/lib/python3.10/dist-packages/turtlesim-1.4.2-py3.10.egg-info/dependency_links.txt
[9.969s] -- Installing: /home/jone/ros2_ws/install/turtlesim/local/lib/python3.10/dist-packages/turtlesim-1.4.2-py3.10.egg-info/PKG-INFO
[9.969s] -- Up-to-date: /home/jone/ros2_ws/install/turtlesim/local/lib/python3.10/dist-packages/turtlesim
[9.969s] -- Up-to-date: /home/jone/ros2_ws/install/turtlesim/local/lib/python3.10/dist-packages/turtlesim/_turtlesim_s.ep.rosidl_typesupport_fastrtps_c.c
[9.969s] -- Up-to-date: /home/jone/ros2_ws/install/turtlesim/local/lib/python3.10/dist-packages/turtlesim/action
[9.969s] -- Up-to-date: /home/jone/ros2_ws/install/turtlesim/local/lib/python3.10/dist-packages/turtlesim/action/__init__.py
[9.969s] -- Up-to-date: /home/jone/ros2_ws/install/turtlesim/local/lib/python3.10/dist-packages/turtlesim/action/_rotate_absolute_s.c
[9.969s] -- Up-to-date: /home/jone/ros2_ws/install/turtlesim/local/lib/python3.10/dist-packages/turtlesim/action/_rotate_absolute.py
[9.969s] -- Up-to-date: /home/jone/ros2_ws/install/turtlesim/local/lib/python3.10/dist-packages/turtlesim/msg
[9.969s] -- Up-to-date: /home/jone/ros2_ws/install/turtlesim/local/lib/python3.10/dist-packages/turtlesim/msg/_color.py
[9.969s] -- Up-to-date: /home/jone/ros2_ws/install/turtlesim/local/lib/python3.10/dist-packages/turtlesim/msg/_color_s.c
[9.970s] -- Up-to-date: /home/jone/ros2_ws/install/turtlesim/local/lib/python3.10/dist-packages/turtlesim/msg/__init__.py
[9.970s] -- Up-to-date: /home/jone/ros2_ws/install/turtlesim/local/lib/python3.10/dist-packages/turtlesim/msg/_pose_s.c
[9.970s] -- Up-to-date: /home/jone/ros2_ws/install/turtlesim/local/lib/python3.10/dist-packages/turtlesim/msg/_pose.py
[9.970s] -- Up-to-date: /home/jone/ros2_ws/install/turtlesim/local/lib/python3.10/dist-packages/turtlesim/turtlesim_s__rosidl_typesupport_introspection_c.cpython-310-x86_64-linux-gnu.so
[9.970s] -- Up-to-date: /home/jone/ros2_ws/install/turtlesim/local/lib/python3.10/dist-packages/turtlesim/turtlesim_s__rosidl_typesupport_c.cpython-310-x86_64-linux-gnu.so
[9.970s] -- Up-to-date: /home/jone/ros2_ws/install/turtlesim/local/lib/python3.10/dist-packages/turtlesim/turtlesim_s__rosidl_typesupport_fastrtps_c.cpython-310-x86_64-linux-gnu.so
[9.970s] -- Up-to-date: /home/jone/ros2_ws/install/turtlesim/local/lib/python3.10/dist-packages/turtlesim/srv
[9.970s] -- Up-to-date: /home/jone/ros2_ws/install/turtlesim/local/lib/python3.10/dist-packages/turtlesim/srv/_set_pen.py
[9.970s] -- Up-to-date: /home/jone/ros2_ws/install/turtlesim/local/lib/python3.10/dist-packages/turtlesim/srv/_spawn_s.c
[9.970s] -- Up-to-date: /home/jone/ros2_ws/install/turtlesim/local/lib/python3.10/dist-packages/turtlesim/srv/_teleport_relative_s.c
[9.970s] -- Up-to-date: /home/jone/ros2_ws/install/turtlesim/local/lib/python3.10/dist-packages/turtlesim/srv/_teleport_relative.py
[9.970s] -- Up-to-date: /home/jone/ros2_ws/install/turtlesim/local/lib/python3.10/dist-packages/turtlesim/srv/_kill_s.c
[9.970s] -- Up-to-date: /home/jone/ros2_ws/install/turtlesim/local/lib/python3.10/dist-packages/turtlesim/srv/_set_pen_s.c
[9.970s] -- Up-to-date: /home/jone/ros2_ws/install/turtlesim/local/lib/python3.10/dist-packages/turtlesim/srv/_teleport_absolute.py
[9.970s] -- Up-to-date: /home/jone/ros2_ws/install/turtlesim/local/lib/python3.10/dist-packages/turtlesim/srv/__init__.py
[9.970s] -- Up-to-date: /home/jone/ros2_ws/install/turtlesim/local/lib/python3.10/dist-packages/turtlesim/srv/_kill.py
[9.970s] -- Up-to-date: /home/jone/ros2_ws/install/turtlesim/local/lib/python3.10/dist-packages/turtlesim/srv/_teleport_absolute_s.c
[9.970s] -- Up-to-date: /home/jone/ros2_ws/install/turtlesim/local/lib/python3.10/dist-packages/turtlesim/srv/_spawn.py
[9.970s] -- Up-to-date: /home/jone/ros2_ws/install/turtlesim/local/lib/python3.10/dist-packages/turtlesim/__init__.py
[9.970s] -- Up-to-date: /home/jone/ros2_ws/install/turtlesim/local/lib/python3.10/dist-packages/turtlesim/libturtlesim__rosidl_generator_py.so
[9.970s] -- Up-to-date: /home/jone/ros2_ws/install/turtlesim/local/lib/python3.10/dist-packages/turtlesim/_turtlesim_s.ep.rosidl_typesupport_introspection_c.c
[9.970s] -- Up-to-date: /home/jone/ros2_ws/install/turtlesim/local/lib/python3.10/dist-packages/turtlesim/_turtlesim_s.ep.rosidl_typesupport_c.c
[9.990s] Listing '/home/jone/ros2_ws/install/turtlesim/local/lib/python3.10/dist-packages/turtlesim'...
[9.990s] Listing '/home/jone/ros2_ws/install/turtlesim/local/lib/python3.10/dist-packages/turtlesim/action'...
[9.990s] Listing '/home/jone/ros2_ws/install/turtlesim/local/lib/python3.10/dist-packages/turtlesim/msg'...
[9.990s] Listing '/home/jone/ros2_ws/install/turtlesim/local/lib/python3.10/dist-packages/turtlesim/srv'...
[9.993s] -- Up-to-date: /home/jone/ros2_ws/install/turtlesim/local/lib/python3.10/dist-packages/turtlesim/turtlesim_s__rosidl_typesupport_fastrtps_c.cpython-310-x86_64-linux-gnu.so
[9.993s] -- Up-to-date: /home/jone/ros2_ws/install/turtlesim/local/lib/python3.10/dist-packages/turtlesim/turtlesim_s__rosidl_typesupport_introspection_c.cpython-310-x86_64-linux-gnu.so
[9.994s] -- Up-to-date: /home/jone/ros2_ws/install/turtlesim/local/lib/python3.10/dist-packages/turtlesim/turtlesim_s__rosidl_typesupport_c.cpython-310-x86_64-linux-gnu.so
[9.994s] -- Up-to-date: /home/jone/ros2_ws/install/turtlesim/lib/libturtlesim__rosidl_generator_py.so
[9.994s] -- Up-to-date: /home/jone/ros2_ws/install/turtlesim/share/turtlesim/action/RotateAbsolute.idl
[9.994s] -- Up-to-date: /home/jone/ros2_ws/install/turtlesim/share/turtlesim/msg/Color.idl
[9.994s] -- Up-to-date: /home/jone/ros2_ws/install/turtlesim/share/turtlesim/msg/Pose.idl
[9.994s] -- Up-to-date: /home/jone/ros2_ws/install/turtlesim/share/turtlesim/srv/Kill.idl
[9.995s] -- Up-to-date: /home/jone/ros2_ws/install/turtlesim/share/turtlesim/srv/SetPen.idl
[9.995s] -- Up-to-date: /home/jone/ros2_ws/install/turtlesim/share/turtlesim/srv/Spawn.idl
[9.995s] -- Up-to-date: /home/jone/ros2_ws/install/turtlesim/share/turtlesim/srv/TeleportAbsolute.idl
[9.995s] -- Up-to-date: /home/jone/ros2_ws/install/turtlesim/share/turtlesim/srv/TeleportRelative.idl
[9.995s] -- Up-to-date: /home/jone/ros2_ws/install/turtlesim/share/turtlesim/action/RotateAbsolute.action
[9.995s] -- Up-to-date: /home/jone/ros2_ws/install/turtlesim/share/turtlesim/msg/Color.msg
[9.995s] -- Up-to-date: /home/jone/ros2_ws/install/turtlesim/share/turtlesim/msg/Pose.msg
[9.995s] -- Up-to-date: /home/jone/ros2_ws/install/turtlesim/share/turtlesim/srv/Kill.srv
[9.995s] -- Up-to-date: /home/jone/ros2_ws/install/turtlesim/share/turtlesim/srv/Kill_Request.msg
[9.995s] -- Up-to-date: /home/jone/ros2_ws/install/turtlesim/share/turtlesim/srv/Kill_Response.msg
[9.995s] -- Up-to-date: /home/jone/ros2_ws/install/turtlesim/share/turtlesim/srv/SetPen.srv
[9.995s] -- Up-to-date: /home/jone/ros2_ws/install/turtlesim/share/turtlesim/srv/SetPen_Request.msg
[9.995s] -- Up-to-date: /home/jone/ros2_ws/install/turtlesim/share/turtlesim/srv/SetPen_Response.msg
[9.995s] -- Up-to-date: /home/jone/ros2_ws/install/turtlesim/share/turtlesim/srv/Spawn.srv
[9.996s] -- Up-to-date: /home/jone/ros2_ws/install/turtlesim/share/turtlesim/srv/Spawn_Request.msg
[9.996s] -- Up-to-date: /home/jone/ros2_ws/install/turtlesim/share/turtlesim/srv/Spawn_Response.msg
[9.996s] -- Up-to-date: /home/jone/ros2_ws/install/turtlesim/share/turtlesim/srv/TeleportAbsolute.srv
[9.996s] -- Up-to-date: /home/jone/ros2_ws/install/turtlesim/share/turtlesim/srv/TeleportAbsolute_Request.msg
[9.996s] -- Up-to-date: /home/jone/ros2_ws/install/turtlesim/share/turtlesim/srv/TeleportAbsolute_Response.msg
[9.996s] -- Up-to-date: /home/jone/ros2_ws/install/turtlesim/share/turtlesim/srv/TeleportRelative.srv
[9.996s] -- Up-to-date: /home/jone/ros2_ws/install/turtlesim/share/turtlesim/srv/TeleportRelative_Request.msg
[9.996s] -- Up-to-date: /home/jone/ros2_ws/install/turtlesim/share/turtlesim/srv/TeleportRelative_Response.msg
[9.996s] -- Installing: /home/jone/ros2_ws/install/turtlesim/lib/turtlesim/turtlesim_node
[10.004s] -- Set runtime path of "/home/jone/ros2_ws/install/turtlesim/lib/turtlesim/turtlesim_node" to ""
[10.004s] -- Up-to-date: /home/jone/ros2_ws/install/turtlesim/lib/turtlesim/turtle_teleop_key
[10.004s] -- Up-to-date: /home/jone/ros2_ws/install/turtlesim/lib/turtlesim/draw_square
[10.005s] -- Up-to-date: /home/jone/ros2_ws/install/turtlesim/lib/turtlesim/mimic
[10.005s] -- Up-to-date: /home/jone/ros2_ws/install/turtlesim/share/turtlesim/images
[10.005s] -- Up-to-date: /home/jone/ros2_ws/install/turtlesim/share/turtlesim/images/crystal.png
[10.005s] -- Up-to-date: /home/jone/ros2_ws/install/turtlesim/share/turtlesim/images/humble.png
[10.005s] -- Up-to-date: /home/jone/ros2_ws/install/turtlesim/share/turtlesim/images/galactic.png
[10.005s] -- Up-to-date: /home/jone/ros2_ws/install/turtlesim/share/turtlesim/images/ardent.png
[10.005s] -- Up-to-date: /home/jone/ros2_ws/install/turtlesim/share/turtlesim/images/bouncy.png
[10.005s] -- Up-to-date: /home/jone/ros2_ws/install/turtlesim/share/turtlesim/images/eloquent.png
[10.005s] -- Up-to-date: /home/jone/ros2_ws/install/turtlesim/share/turtlesim/images/foxy.png
[10.005s] -- Up-to-date: /home/jone/ros2_ws/install/turtlesim/share/turtlesim/images/dashing.png
[10.005s] -- Up-to-date: /home/jone/ros2_ws/install/turtlesim/share/turtlesim/images/rolling.png
[10.006s] -- Up-to-date: /home/jone/ros2_ws/install/turtlesim/share/turtlesim/launch
[10.006s] -- Up-to-date: /home/jone/ros2_ws/install/turtlesim/share/turtlesim/launch/multisim.launch.py
[10.006s] -- Up-to-date: /home/jone/ros2_ws/install/turtlesim/share/ament_index/resource_index/package_run_dependencies/turtlesim
[10.006s] -- Up-to-date: /home/jone/ros2_ws/install/turtlesim/share/ament_index/resource_index/parent_prefix_path/turtlesim
[10.006s] -- Up-to-date: /home/jone/ros2_ws/install/turtlesim/share/turtlesim/environment/ament_prefix_path.sh
[10.006s] -- Up-to-date: /home/jone/ros2_ws/install/turtlesim/share/turtlesim/environment/ament_prefix_path.dsv
[10.006s] -- Up-to-date: /home/jone/ros2_ws/install/turtlesim/share/turtlesim/environment/path.sh
[10.006s] -- Up-to-date: /home/jone/ros2_ws/install/turtlesim/share/turtlesim/environment/path.dsv
[10.006s] -- Up-to-date: /home/jone/ros2_ws/install/turtlesim/share/turtlesim/local_setup.bash
[10.006s] -- Up-to-date: /home/jone/ros2_ws/install/turtlesim/share/turtlesim/local_setup.sh
[10.006s] -- Up-to-date: /home/jone/ros2_ws/install/turtlesim/share/turtlesim/local_setup.zsh
[10.006s] -- Up-to-date: /home/jone/ros2_ws/install/turtlesim/share/turtlesim/local_setup.dsv
[10.006s] -- Installing: /home/jone/ros2_ws/install/turtlesim/share/turtlesim/package.dsv
[10.006s] -- Up-to-date: /home/jone/ros2_ws/install/turtlesim/share/ament_index/resource_index/packages/turtlesim
[10.006s] -- Up-to-date: /home/jone/ros2_ws/install/turtlesim/share/turtlesim/cmake/export_turtlesim__rosidl_generator_cExport.cmake
[10.006s] -- Up-to-date: /home/jone/ros2_ws/install/turtlesim/share/turtlesim/cmake/export_turtlesim__rosidl_generator_cExport-noconfig.cmake
[10.006s] -- Up-to-date: /home/jone/ros2_ws/install/turtlesim/share/turtlesim/cmake/export_turtlesim__rosidl_typesupport_fastrtps_cExport.cmake
[10.007s] -- Up-to-date: /home/jone/ros2_ws/install/turtlesim/share/turtlesim/cmake/export_turtlesim__rosidl_typesupport_fastrtps_cExport-noconfig.cmake
[10.007s] -- Up-to-date: /home/jone/ros2_ws/install/turtlesim/share/turtlesim/cmake/export_turtlesim__rosidl_generator_cppExport.cmake
[10.007s] -- Up-to-date: /home/jone/ros2_ws/install/turtlesim/share/turtlesim/cmake/export_turtlesim__rosidl_typesupport_fastrtps_cppExport.cmake
[10.007s] -- Up-to-date: /home/jone/ros2_ws/install/turtlesim/share/turtlesim/cmake/export_turtlesim__rosidl_typesupport_fastrtps_cppExport-noconfig.cmake
[10.007s] -- Up-to-date: /home/jone/ros2_ws/install/turtlesim/share/turtlesim/cmake/turtlesim__rosidl_typesupport_introspection_cExport.cmake
[10.007s] -- Up-to-date: /home/jone/ros2_ws/install/turtlesim/share/turtlesim/cmake/turtlesim__rosidl_typesupport_introspection_cExport-noconfig.cmake
[10.007s] -- Up-to-date: /home/jone/ros2_ws/install/turtlesim/share/turtlesim/cmake/turtlesim__rosidl_typesupport_cExport.cmake
[10.007s] -- Up-to-date: /home/jone/ros2_ws/install/turtlesim/share/turtlesim/cmake/turtlesim__rosidl_typesupport_cExport-noconfig.cmake
[10.007s] -- Up-to-date: /home/jone/ros2_ws/install/turtlesim/share/turtlesim/cmake/turtlesim__rosidl_typesupport_introspection_cppExport.cmake
[10.007s] -- Up-to-date: /home/jone/ros2_ws/install/turtlesim/share/turtlesim/cmake/turtlesim__rosidl_typesupport_introspection_cppExport-noconfig.cmake
[10.007s] -- Up-to-date: /home/jone/ros2_ws/install/turtlesim/share/turtlesim/cmake/turtlesim__rosidl_typesupport_cppExport.cmake
[10.007s] -- Up-to-date: /home/jone/ros2_ws/install/turtlesim/share/turtlesim/cmake/turtlesim__rosidl_typesupport_cppExport-noconfig.cmake
[10.007s] -- Up-to-date: /home/jone/ros2_ws/install/turtlesim/share/turtlesim/cmake/export_turtlesim__rosidl_generator_pyExport.cmake
[10.007s] -- Up-to-date: /home/jone/ros2_ws/install/turtlesim/share/turtlesim/cmake/export_turtlesim__rosidl_generator_pyExport-noconfig.cmake
[10.007s] -- Up-to-date: /home/jone/ros2_ws/install/turtlesim/share/turtlesim/cmake/rosidl_cmake-extras.cmake
[10.007s] -- Up-to-date: /home/jone/ros2_ws/install/turtlesim/share/turtlesim/cmake/ament_cmake_export_dependencies-extras.cmake
[10.007s] -- Up-to-date: /home/jone/ros2_ws/install/turtlesim/share/turtlesim/cmake/ament_cmake_export_include_directories-extras.cmake
[10.008s] -- Up-to-date: /home/jone/ros2_ws/install/turtlesim/share/turtlesim/cmake/ament_cmake_export_libraries-extras.cmake
[10.008s] -- Up-to-date: /home/jone/ros2_ws/install/turtlesim/share/turtlesim/cmake/ament_cmake_export_targets-extras.cmake
[10.008s] -- Up-to-date: /home/jone/ros2_ws/install/turtlesim/share/turtlesim/cmake/rosidl_cmake_export_typesupport_targets-extras.cmake
[10.008s] -- Up-to-date: /home/jone/ros2_ws/install/turtlesim/share/turtlesim/cmake/rosidl_cmake_export_typesupport_libraries-extras.cmake
[10.008s] -- Up-to-date: /home/jone/ros2_ws/install/turtlesim/share/turtlesim/cmake/turtlesimConfig.cmake
[10.008s] -- Up-to-date: /home/jone/ros2_ws/install/turtlesim/share/turtlesim/cmake/turtlesimConfig-version.cmake
[10.008s] -- Up-to-date: /home/jone/ros2_ws/install/turtlesim/share/turtlesim/package.xml
[10.010s] Invoked command in '/home/jone/ros2_ws/build/turtlesim' returned '0': CMAKE_PREFIX_PATH=${CMAKE_PREFIX_PATH}:/opt/ros/humble /usr/bin/cmake --install /home/jone/ros2_ws/build/turtlesim
