[0.861s] Invoking command in '/home/jone/robo_400/ros2_ws/src/my_package': PYTHONPATH=/home/jone/robo_400/ros2_ws/build/my_package/prefix_override:/usr/lib/python3/dist-packages/colcon_core/task/python/colcon_distutils_commands:/home/jone/robo_400/ros2_ws/install/my_package/lib/python3.10/site-packages:${PYTHONPATH} /usr/bin/python3 -W ignore:setup.py install is deprecated -W ignore:easy_install command is deprecated setup.py egg_info --egg-base ../../build/my_package build --build-base /home/jone/robo_400/ros2_ws/build/my_package/build install --record /home/jone/robo_400/ros2_ws/build/my_package/install.log --single-version-externally-managed install_data
[1.040s] running egg_info
[1.040s] writing ../../build/my_package/my_package.egg-info/PKG-INFO
[1.040s] writing dependency_links to ../../build/my_package/my_package.egg-info/dependency_links.txt
[1.040s] writing entry points to ../../build/my_package/my_package.egg-info/entry_points.txt
[1.040s] writing requirements to ../../build/my_package/my_package.egg-info/requires.txt
[1.041s] writing top-level names to ../../build/my_package/my_package.egg-info/top_level.txt
[1.042s] reading manifest file '../../build/my_package/my_package.egg-info/SOURCES.txt'
[1.042s] adding license file 'LICENSE'
[1.042s] writing manifest file '../../build/my_package/my_package.egg-info/SOURCES.txt'
[1.043s] running build
[1.043s] running build_py
[1.043s] running install
[1.043s] running install_lib
[1.044s] running install_data
[1.044s] running install_egg_info
[1.045s] removing '/home/jone/robo_400/ros2_ws/install/my_package/lib/python3.10/site-packages/my_package-0.0.0-py3.10.egg-info' (and everything under it)
[1.045s] Copying ../../build/my_package/my_package.egg-info to /home/jone/robo_400/ros2_ws/install/my_package/lib/python3.10/site-packages/my_package-0.0.0-py3.10.egg-info
[1.046s] running install_scripts
[1.061s] Installing my_node script to /home/jone/robo_400/ros2_ws/install/my_package/lib/my_package
[1.062s] writing list of installed files to '/home/jone/robo_400/ros2_ws/build/my_package/install.log'
[1.087s] Invoked command in '/home/jone/robo_400/ros2_ws/src/my_package' returned '0': PYTHONPATH=/home/jone/robo_400/ros2_ws/build/my_package/prefix_override:/usr/lib/python3/dist-packages/colcon_core/task/python/colcon_distutils_commands:/home/jone/robo_400/ros2_ws/install/my_package/lib/python3.10/site-packages:${PYTHONPATH} /usr/bin/python3 -W ignore:setup.py install is deprecated -W ignore:easy_install command is deprecated setup.py egg_info --egg-base ../../build/my_package build --build-base /home/jone/robo_400/ros2_ws/build/my_package/build install --record /home/jone/robo_400/ros2_ws/build/my_package/install.log --single-version-externally-managed install_data
