[0.023s] Invoking command in '/home/jone/robo_400/ros2_ws/build/cpp_pubsub': CMAKE_PREFIX_PATH=${CMAKE_PREFIX_PATH}:/home/jone/robo_400/ros2_ws/install/py_srvcli:/home/jone/robo_400/ros2_ws/install/my_package:/home/jone/robo_400/ros2_ws/install/line_follower:/opt/ros/humble /usr/bin/cmake --build /home/jone/robo_400/ros2_ws/build/cpp_pubsub -- -j16 -l16
[0.607s] [100%] Built target talker
[0.608s] [100%] Built target listener
[0.611s] Invoked command in '/home/jone/robo_400/ros2_ws/build/cpp_pubsub' returned '0': CMAKE_PREFIX_PATH=${CMAKE_PREFIX_PATH}:/home/jone/robo_400/ros2_ws/install/py_srvcli:/home/jone/robo_400/ros2_ws/install/my_package:/home/jone/robo_400/ros2_ws/install/line_follower:/opt/ros/humble /usr/bin/cmake --build /home/jone/robo_400/ros2_ws/build/cpp_pubsub -- -j16 -l16
[0.618s] Invoking command in '/home/jone/robo_400/ros2_ws/build/cpp_pubsub': CMAKE_PREFIX_PATH=${CMAKE_PREFIX_PATH}:/home/jone/robo_400/ros2_ws/install/py_srvcli:/home/jone/robo_400/ros2_ws/install/my_package:/home/jone/robo_400/ros2_ws/install/line_follower:/opt/ros/humble /usr/bin/cmake --install /home/jone/robo_400/ros2_ws/build/cpp_pubsub
[0.625s] -- Install configuration: ""
[0.625s] -- Execute custom install script
[0.625s] -- Up-to-date symlink: /home/jone/robo_400/ros2_ws/install/cpp_pubsub/lib/cpp_pubsub/talker
[0.626s] -- Up-to-date symlink: /home/jone/robo_400/ros2_ws/install/cpp_pubsub/lib/cpp_pubsub/listener
[0.626s] -- Up-to-date symlink: /home/jone/robo_400/ros2_ws/install/cpp_pubsub/share/ament_index/resource_index/package_run_dependencies/cpp_pubsub
[0.626s] -- Up-to-date symlink: /home/jone/robo_400/ros2_ws/install/cpp_pubsub/share/ament_index/resource_index/parent_prefix_path/cpp_pubsub
[0.626s] -- Up-to-date symlink: /home/jone/robo_400/ros2_ws/install/cpp_pubsub/share/cpp_pubsub/environment/ament_prefix_path.sh
[0.626s] -- Up-to-date symlink: /home/jone/robo_400/ros2_ws/install/cpp_pubsub/share/cpp_pubsub/environment/ament_prefix_path.dsv
[0.626s] -- Up-to-date symlink: /home/jone/robo_400/ros2_ws/install/cpp_pubsub/share/cpp_pubsub/environment/path.sh
[0.627s] -- Up-to-date symlink: /home/jone/robo_400/ros2_ws/install/cpp_pubsub/share/cpp_pubsub/environment/path.dsv
[0.627s] -- Up-to-date symlink: /home/jone/robo_400/ros2_ws/install/cpp_pubsub/share/cpp_pubsub/local_setup.bash
[0.627s] -- Up-to-date symlink: /home/jone/robo_400/ros2_ws/install/cpp_pubsub/share/cpp_pubsub/local_setup.sh
[0.627s] -- Up-to-date symlink: /home/jone/robo_400/ros2_ws/install/cpp_pubsub/share/cpp_pubsub/local_setup.zsh
[0.627s] -- Up-to-date symlink: /home/jone/robo_400/ros2_ws/install/cpp_pubsub/share/cpp_pubsub/local_setup.dsv
[0.627s] -- Symlinking: /home/jone/robo_400/ros2_ws/install/cpp_pubsub/share/cpp_pubsub/package.dsv
[0.638s] -- Up-to-date symlink: /home/jone/robo_400/ros2_ws/install/cpp_pubsub/share/ament_index/resource_index/packages/cpp_pubsub
[0.638s] -- Up-to-date symlink: /home/jone/robo_400/ros2_ws/install/cpp_pubsub/share/cpp_pubsub/cmake/cpp_pubsubConfig.cmake
[0.638s] -- Up-to-date symlink: /home/jone/robo_400/ros2_ws/install/cpp_pubsub/share/cpp_pubsub/cmake/cpp_pubsubConfig-version.cmake
[0.639s] -- Up-to-date symlink: /home/jone/robo_400/ros2_ws/install/cpp_pubsub/share/cpp_pubsub/package.xml
[0.641s] Invoked command in '/home/jone/robo_400/ros2_ws/build/cpp_pubsub' returned '0': CMAKE_PREFIX_PATH=${CMAKE_PREFIX_PATH}:/home/jone/robo_400/ros2_ws/install/py_srvcli:/home/jone/robo_400/ros2_ws/install/my_package:/home/jone/robo_400/ros2_ws/install/line_follower:/opt/ros/humble /usr/bin/cmake --install /home/jone/robo_400/ros2_ws/build/cpp_pubsub
