[0.955s] Invoking command in '/home/jone/robo_400/ros2_ws/src/py_srvcli': PYTHONPATH=/home/jone/robo_400/ros2_ws/build/py_srvcli/prefix_override:/usr/lib/python3/dist-packages/colcon_core/task/python/colcon_distutils_commands:/home/jone/robo_400/ros2_ws/install/py_srvcli/lib/python3.10/site-packages:${PYTHONPATH} /usr/bin/python3 -W ignore:setup.py install is deprecated -W ignore:easy_install command is deprecated setup.py egg_info --egg-base ../../build/py_srvcli build --build-base /home/jone/robo_400/ros2_ws/build/py_srvcli/build install --record /home/jone/robo_400/ros2_ws/build/py_srvcli/install.log --single-version-externally-managed install_data
[1.162s] running egg_info
[1.162s] writing ../../build/py_srvcli/py_srvcli.egg-info/PKG-INFO
[1.162s] writing dependency_links to ../../build/py_srvcli/py_srvcli.egg-info/dependency_links.txt
[1.163s] writing entry points to ../../build/py_srvcli/py_srvcli.egg-info/entry_points.txt
[1.163s] writing requirements to ../../build/py_srvcli/py_srvcli.egg-info/requires.txt
[1.163s] writing top-level names to ../../build/py_srvcli/py_srvcli.egg-info/top_level.txt
[1.164s] reading manifest file '../../build/py_srvcli/py_srvcli.egg-info/SOURCES.txt'
[1.164s] adding license file 'LICENSE'
[1.165s] writing manifest file '../../build/py_srvcli/py_srvcli.egg-info/SOURCES.txt'
[1.165s] running build
[1.165s] running build_py
[1.165s] running install
[1.166s] running install_lib
[1.167s] running install_data
[1.167s] running install_egg_info
[1.168s] removing '/home/jone/robo_400/ros2_ws/install/py_srvcli/lib/python3.10/site-packages/py_srvcli-0.0.0-py3.10.egg-info' (and everything under it)
[1.168s] Copying ../../build/py_srvcli/py_srvcli.egg-info to /home/jone/robo_400/ros2_ws/install/py_srvcli/lib/python3.10/site-packages/py_srvcli-0.0.0-py3.10.egg-info
[1.169s] running install_scripts
[1.186s] Installing client script to /home/jone/robo_400/ros2_ws/install/py_srvcli/lib/py_srvcli
[1.187s] Installing service script to /home/jone/robo_400/ros2_ws/install/py_srvcli/lib/py_srvcli
[1.187s] writing list of installed files to '/home/jone/robo_400/ros2_ws/build/py_srvcli/install.log'
[1.215s] Invoked command in '/home/jone/robo_400/ros2_ws/src/py_srvcli' returned '0': PYTHONPATH=/home/jone/robo_400/ros2_ws/build/py_srvcli/prefix_override:/usr/lib/python3/dist-packages/colcon_core/task/python/colcon_distutils_commands:/home/jone/robo_400/ros2_ws/install/py_srvcli/lib/python3.10/site-packages:${PYTHONPATH} /usr/bin/python3 -W ignore:setup.py install is deprecated -W ignore:easy_install command is deprecated setup.py egg_info --egg-base ../../build/py_srvcli build --build-base /home/jone/robo_400/ros2_ws/build/py_srvcli/build install --record /home/jone/robo_400/ros2_ws/build/py_srvcli/install.log --single-version-externally-managed install_data
