[0.009s] Invoking command in '/home/jone/ros2_ws/build/turtlesim': CMAKE_PREFIX_PATH=/opt/ros/humble /usr/bin/cmake /home/jone/ros2_ws/src/ros_tutorials/turtlesim -DCMAKE_INSTALL_PREFIX=/home/jone/ros2_ws/install/turtlesim
[0.135s] -- The C compiler identification is GNU 11.4.0
[0.217s] -- The CXX compiler identification is GNU 11.4.0
[0.225s] -- Detecting C compiler ABI info
[0.284s] -- Detecting C compiler ABI info - done
[0.289s] -- Check for working C compiler: /usr/bin/cc - skipped
[0.290s] -- Detecting C compile features
[0.290s] -- Detecting C compile features - done
[0.293s] -- Detecting CXX compiler ABI info
[0.357s] -- Detecting CXX compiler ABI info - done
[0.362s] -- Check for working CXX compiler: /usr/bin/c++ - skipped
[0.362s] -- Detecting CXX compile features
[0.362s] -- Detecting CXX compile features - done
[0.368s] -- Found ament_cmake: 1.3.12 (/opt/ros/humble/share/ament_cmake/cmake)
[0.479s] -- Found Python3: /usr/bin/python3 (found version "3.10.12") found components: Interpreter 
[0.555s] -- Found ament_index_cpp: 1.4.0 (/opt/ros/humble/share/ament_index_cpp/cmake)
[0.557s] -- Found geometry_msgs: 4.9.0 (/opt/ros/humble/share/geometry_msgs/cmake)
[0.595s] -- Found rosidl_generator_c: 3.1.7 (/opt/ros/humble/share/rosidl_generator_c/cmake)
[0.600s] -- Found rosidl_adapter: 3.1.7 (/opt/ros/humble/share/rosidl_adapter/cmake)
[0.608s] -- Found rosidl_generator_cpp: 3.1.7 (/opt/ros/humble/share/rosidl_generator_cpp/cmake)
[0.621s] -- Using all available rosidl_typesupport_c: rosidl_typesupport_fastrtps_c;rosidl_typesupport_introspection_c
[0.636s] -- Using all available rosidl_typesupport_cpp: rosidl_typesupport_fastrtps_cpp;rosidl_typesupport_introspection_cpp
[0.687s] -- Found rclcpp: 16.0.14 (/opt/ros/humble/share/rclcpp/cmake)
[0.723s] -- Found rmw_implementation_cmake: 6.1.2 (/opt/ros/humble/share/rmw_implementation_cmake/cmake)
[0.726s] -- Found rmw_fastrtps_cpp: 6.2.8 (/opt/ros/humble/share/rmw_fastrtps_cpp/cmake)
[0.807s] -- Found OpenSSL: /usr/lib/x86_64-linux-gnu/libcrypto.so (found version "3.0.2")  
[0.827s] -- Found FastRTPS: /opt/ros/humble/include  
[0.859s] -- Using RMW implementation 'rmw_fastrtps_cpp' as default
[0.868s] -- Looking for pthread.h
[0.932s] -- Looking for pthread.h - found
[0.932s] -- Performing Test CMAKE_HAVE_LIBC_PTHREAD
[0.989s] -- Performing Test CMAKE_HAVE_LIBC_PTHREAD - Success
[0.990s] -- Found Threads: TRUE  
[1.025s] -- Found rclcpp_action: 16.0.14 (/opt/ros/humble/share/rclcpp_action/cmake)
[1.057s] -- Found rosidl_default_generators: 1.2.0 (/opt/ros/humble/share/rosidl_default_generators/cmake)
[1.066s] -- Found std_srvs: 4.9.0 (/opt/ros/humble/share/std_srvs/cmake)
[1.297s] -- Found ament_cmake_ros: 0.10.0 (/opt/ros/humble/share/ament_cmake_ros/cmake)
[1.527s] -- Using all available rosidl_typesupport_c: rosidl_typesupport_fastrtps_c;rosidl_typesupport_introspection_c
[1.614s] -- Using all available rosidl_typesupport_cpp: rosidl_typesupport_fastrtps_cpp;rosidl_typesupport_introspection_cpp
[1.632s] -- Found PythonInterp: /usr/bin/python3 (found suitable version "3.10.12", minimum required is "3.6") 
[1.633s] -- Found python_cmake_module: 0.10.0 (/opt/ros/humble/share/python_cmake_module/cmake)
[1.654s] -- Found PythonLibs: /usr/lib/x86_64-linux-gnu/libpython3.10.so (found suitable version "3.10.12", minimum required is "3.5") 
[1.654s] -- Using PYTHON_EXECUTABLE: /usr/bin/python3
[1.654s] -- Using PYTHON_INCLUDE_DIRS: /usr/include/python3.10
[1.654s] -- Using PYTHON_LIBRARIES: /usr/lib/x86_64-linux-gnu/libpython3.10.so
[1.669s] -- Found PythonExtra: .so  
[1.713s] -- Configuring done
[1.762s] -- Generating done
[1.776s] -- Build files have been written to: /home/jone/ros2_ws/build/turtlesim
[1.786s] Invoked command in '/home/jone/ros2_ws/build/turtlesim' returned '0': CMAKE_PREFIX_PATH=/opt/ros/humble /usr/bin/cmake /home/jone/ros2_ws/src/ros_tutorials/turtlesim -DCMAKE_INSTALL_PREFIX=/home/jone/ros2_ws/install/turtlesim
[1.787s] Invoking command in '/home/jone/ros2_ws/build/turtlesim': CMAKE_PREFIX_PATH=/opt/ros/humble /usr/bin/cmake --build /home/jone/ros2_ws/build/turtlesim -- -j16 -l16
[1.821s] [  1%] [34m[1mGenerating C code for ROS interfaces[0m
[1.829s] [  2%] [34m[1mGenerating C++ code for ROS interfaces[0m
[1.837s] [  2%] Built target ament_cmake_python_copy_turtlesim
[2.024s] running egg_info
[2.024s] creating turtlesim.egg-info
[2.024s] writing turtlesim.egg-info/PKG-INFO
[2.024s] writing dependency_links to turtlesim.egg-info/dependency_links.txt
[2.024s] writing top-level names to turtlesim.egg-info/top_level.txt
[2.025s] writing manifest file 'turtlesim.egg-info/SOURCES.txt'
[2.026s] reading manifest file 'turtlesim.egg-info/SOURCES.txt'
[2.027s] writing manifest file 'turtlesim.egg-info/SOURCES.txt'
[2.049s] [  2%] Built target ament_cmake_python_build_turtlesim_egg
[2.534s] [  2%] Built target turtlesim__cpp
[2.536s] [  4%] [32mBuilding C object CMakeFiles/turtlesim__rosidl_generator_c.dir/rosidl_generator_c/turtlesim/msg/detail/color__functions.c.o[0m
[2.536s] [  5%] [32mBuilding C object CMakeFiles/turtlesim__rosidl_generator_c.dir/rosidl_generator_c/turtlesim/srv/detail/kill__functions.c.o[0m
[2.536s] [  6%] [32mBuilding C object CMakeFiles/turtlesim__rosidl_generator_c.dir/rosidl_generator_c/turtlesim/srv/detail/spawn__functions.c.o[0m
[2.537s] [  6%] [32mBuilding C object CMakeFiles/turtlesim__rosidl_generator_c.dir/rosidl_generator_c/turtlesim/action/detail/rotate_absolute__functions.c.o[0m
[2.537s] [  7%] [32mBuilding C object CMakeFiles/turtlesim__rosidl_generator_c.dir/rosidl_generator_c/turtlesim/srv/detail/set_pen__functions.c.o[0m
[2.537s] [  8%] [32mBuilding C object CMakeFiles/turtlesim__rosidl_generator_c.dir/rosidl_generator_c/turtlesim/srv/detail/teleport_absolute__functions.c.o[0m
[2.537s] [  9%] [32mBuilding C object CMakeFiles/turtlesim__rosidl_generator_c.dir/rosidl_generator_c/turtlesim/msg/detail/pose__functions.c.o[0m
[2.538s] [ 10%] [32mBuilding C object CMakeFiles/turtlesim__rosidl_generator_c.dir/rosidl_generator_c/turtlesim/srv/detail/teleport_relative__functions.c.o[0m
[2.548s] [ 12%] [34m[1mGenerating C++ type support dispatch for ROS interfaces[0m
[2.548s] [ 12%] [34m[1mGenerating C++ type support for eProsima Fast-RTPS[0m
[2.548s] [ 13%] [34m[1mGenerating C++ introspection for ROS interfaces[0m
[2.678s] [ 14%] [32m[1mLinking C shared library libturtlesim__rosidl_generator_c.so[0m
[2.716s] [ 14%] Built target turtlesim__rosidl_generator_c
[2.726s] [ 17%] [34m[1mGenerating C type support dispatch for ROS interfaces[0m
[2.726s] [ 17%] [34m[1mGenerating C type support for eProsima Fast-RTPS[0m
[2.726s] [ 17%] [34m[1mGenerating C introspection for ROS interfaces[0m
[3.023s] [ 18%] [32mBuilding CXX object CMakeFiles/turtlesim__rosidl_typesupport_cpp.dir/rosidl_typesupport_cpp/turtlesim/msg/color__type_support.cpp.o[0m
[3.024s] [ 20%] [32mBuilding CXX object CMakeFiles/turtlesim__rosidl_typesupport_cpp.dir/rosidl_typesupport_cpp/turtlesim/action/rotate_absolute__type_support.cpp.o[0m
[3.024s] [ 20%] [32mBuilding CXX object CMakeFiles/turtlesim__rosidl_typesupport_cpp.dir/rosidl_typesupport_cpp/turtlesim/msg/pose__type_support.cpp.o[0m
[3.025s] [ 21%] [32mBuilding CXX object CMakeFiles/turtlesim__rosidl_typesupport_cpp.dir/rosidl_typesupport_cpp/turtlesim/srv/set_pen__type_support.cpp.o[0m
[3.025s] [ 22%] [32mBuilding CXX object CMakeFiles/turtlesim__rosidl_typesupport_cpp.dir/rosidl_typesupport_cpp/turtlesim/srv/kill__type_support.cpp.o[0m
[3.026s] [ 23%] [32mBuilding CXX object CMakeFiles/turtlesim__rosidl_typesupport_cpp.dir/rosidl_typesupport_cpp/turtlesim/srv/teleport_relative__type_support.cpp.o[0m
[3.026s] [ 24%] [32mBuilding CXX object CMakeFiles/turtlesim__rosidl_typesupport_cpp.dir/rosidl_typesupport_cpp/turtlesim/srv/spawn__type_support.cpp.o[0m
[3.026s] [ 25%] [32mBuilding CXX object CMakeFiles/turtlesim__rosidl_typesupport_cpp.dir/rosidl_typesupport_cpp/turtlesim/srv/teleport_absolute__type_support.cpp.o[0m
[3.281s] [ 28%] [32mBuilding CXX object CMakeFiles/turtlesim__rosidl_typesupport_introspection_cpp.dir/rosidl_typesupport_introspection_cpp/turtlesim/msg/detail/pose__type_support.cpp.o[0m
[3.281s] [ 28%] [32mBuilding CXX object CMakeFiles/turtlesim__rosidl_typesupport_introspection_cpp.dir/rosidl_typesupport_introspection_cpp/turtlesim/action/detail/rotate_absolute__type_support.cpp.o[0m
[3.281s] [ 28%] [32mBuilding CXX object CMakeFiles/turtlesim__rosidl_typesupport_introspection_cpp.dir/rosidl_typesupport_introspection_cpp/turtlesim/msg/detail/color__type_support.cpp.o[0m
[3.281s] [ 29%] [32mBuilding CXX object CMakeFiles/turtlesim__rosidl_typesupport_introspection_cpp.dir/rosidl_typesupport_introspection_cpp/turtlesim/srv/detail/kill__type_support.cpp.o[0m
[3.300s] [ 30%] [32mBuilding CXX object CMakeFiles/turtlesim__rosidl_typesupport_c.dir/rosidl_typesupport_c/turtlesim/action/rotate_absolute__type_support.cpp.o[0m
[3.392s] [ 31%] [32mBuilding CXX object CMakeFiles/turtlesim__rosidl_typesupport_c.dir/rosidl_typesupport_c/turtlesim/msg/color__type_support.cpp.o[0m
[3.453s] [ 32%] [32mBuilding CXX object CMakeFiles/turtlesim__rosidl_typesupport_c.dir/rosidl_typesupport_c/turtlesim/msg/pose__type_support.cpp.o[0m
[3.486s] [ 33%] [32mBuilding CXX object CMakeFiles/turtlesim__rosidl_typesupport_c.dir/rosidl_typesupport_c/turtlesim/srv/kill__type_support.cpp.o[0m
[3.493s] [ 34%] [32mBuilding CXX object CMakeFiles/turtlesim__rosidl_typesupport_introspection_cpp.dir/rosidl_typesupport_introspection_cpp/turtlesim/srv/detail/set_pen__type_support.cpp.o[0m
[3.500s] [ 35%] [32mBuilding CXX object CMakeFiles/turtlesim__rosidl_typesupport_c.dir/rosidl_typesupport_c/turtlesim/srv/set_pen__type_support.cpp.o[0m
[3.502s] [ 36%] [32mBuilding CXX object CMakeFiles/turtlesim__rosidl_typesupport_introspection_cpp.dir/rosidl_typesupport_introspection_cpp/turtlesim/srv/detail/spawn__type_support.cpp.o[0m
[3.506s] [ 37%] [32mBuilding CXX object CMakeFiles/turtlesim__rosidl_typesupport_c.dir/rosidl_typesupport_c/turtlesim/srv/spawn__type_support.cpp.o[0m
[3.527s] [ 38%] [32mBuilding CXX object CMakeFiles/turtlesim__rosidl_typesupport_c.dir/rosidl_typesupport_c/turtlesim/srv/teleport_absolute__type_support.cpp.o[0m
[3.530s] [ 39%] [32mBuilding CXX object CMakeFiles/turtlesim__rosidl_typesupport_introspection_cpp.dir/rosidl_typesupport_introspection_cpp/turtlesim/srv/detail/teleport_absolute__type_support.cpp.o[0m
[3.531s] [ 40%] [32mBuilding CXX object CMakeFiles/turtlesim__rosidl_typesupport_c.dir/rosidl_typesupport_c/turtlesim/srv/teleport_relative__type_support.cpp.o[0m
[3.563s] [ 41%] [32mBuilding CXX object CMakeFiles/turtlesim__rosidl_typesupport_introspection_cpp.dir/rosidl_typesupport_introspection_cpp/turtlesim/srv/detail/teleport_relative__type_support.cpp.o[0m
[3.585s] [ 42%] [32m[1mLinking CXX shared library libturtlesim__rosidl_typesupport_c.so[0m
[3.602s] [ 45%] [32mBuilding CXX object CMakeFiles/turtlesim__rosidl_typesupport_fastrtps_cpp.dir/rosidl_typesupport_fastrtps_cpp/turtlesim/msg/detail/dds_fastrtps/color__type_support.cpp.o[0m
[3.602s] [ 45%] [32mBuilding CXX object CMakeFiles/turtlesim__rosidl_typesupport_fastrtps_cpp.dir/rosidl_typesupport_fastrtps_cpp/turtlesim/msg/detail/dds_fastrtps/pose__type_support.cpp.o[0m
[3.602s] [ 45%] [32mBuilding CXX object CMakeFiles/turtlesim__rosidl_typesupport_fastrtps_cpp.dir/rosidl_typesupport_fastrtps_cpp/turtlesim/srv/detail/dds_fastrtps/kill__type_support.cpp.o[0m
[3.603s] [ 46%] [32mBuilding CXX object CMakeFiles/turtlesim__rosidl_typesupport_fastrtps_cpp.dir/rosidl_typesupport_fastrtps_cpp/turtlesim/action/detail/dds_fastrtps/rotate_absolute__type_support.cpp.o[0m
[3.677s] [ 46%] Built target turtlesim__rosidl_typesupport_c
[3.697s] [ 47%] [32mBuilding CXX object CMakeFiles/turtlesim__rosidl_typesupport_fastrtps_cpp.dir/rosidl_typesupport_fastrtps_cpp/turtlesim/srv/detail/dds_fastrtps/set_pen__type_support.cpp.o[0m
[3.886s] [ 48%] [32m[1mLinking CXX shared library libturtlesim__rosidl_typesupport_cpp.so[0m
[3.926s] [ 49%] [32mBuilding C object CMakeFiles/turtlesim__rosidl_typesupport_introspection_c.dir/rosidl_typesupport_introspection_c/turtlesim/action/detail/rotate_absolute__type_support.c.o[0m
[3.951s] [ 50%] [32mBuilding C object CMakeFiles/turtlesim__rosidl_typesupport_introspection_c.dir/rosidl_typesupport_introspection_c/turtlesim/msg/detail/color__type_support.c.o[0m
[3.963s] [ 51%] [32mBuilding C object CMakeFiles/turtlesim__rosidl_typesupport_introspection_c.dir/rosidl_typesupport_introspection_c/turtlesim/msg/detail/pose__type_support.c.o[0m
[3.971s] [ 51%] Built target turtlesim__rosidl_typesupport_cpp
[3.976s] [ 52%] [32mBuilding C object CMakeFiles/turtlesim__rosidl_typesupport_introspection_c.dir/rosidl_typesupport_introspection_c/turtlesim/srv/detail/kill__type_support.c.o[0m
[3.988s] [ 54%] [32mBuilding CXX object CMakeFiles/turtlesim__rosidl_typesupport_fastrtps_c.dir/rosidl_typesupport_fastrtps_c/turtlesim/action/detail/rotate_absolute__type_support_c.cpp.o[0m
[3.988s] [ 54%] [32mBuilding C object CMakeFiles/turtlesim__rosidl_typesupport_introspection_c.dir/rosidl_typesupport_introspection_c/turtlesim/srv/detail/set_pen__type_support.c.o[0m
[4.021s] [ 55%] [34m[1mGenerating include/turtlesim/moc_turtle_frame.cpp[0m
[4.051s] [ 56%] [32mBuilding CXX object CMakeFiles/turtlesim__rosidl_typesupport_fastrtps_c.dir/rosidl_typesupport_fastrtps_c/turtlesim/msg/detail/color__type_support_c.cpp.o[0m
[4.052s] [ 57%] [32mBuilding CXX object CMakeFiles/turtle_teleop_key.dir/tutorials/teleop_turtle_key.cpp.o[0m
[4.058s] [ 59%] [32mBuilding C object CMakeFiles/turtlesim__rosidl_typesupport_introspection_c.dir/rosidl_typesupport_introspection_c/turtlesim/srv/detail/spawn__type_support.c.o[0m
[4.058s] [ 59%] [32mBuilding CXX object CMakeFiles/draw_square.dir/tutorials/draw_square.cpp.o[0m
[4.123s] [ 60%] [32mBuilding C object CMakeFiles/turtlesim__rosidl_typesupport_introspection_c.dir/rosidl_typesupport_introspection_c/turtlesim/srv/detail/teleport_absolute__type_support.c.o[0m
[4.174s] [ 61%] [32mBuilding C object CMakeFiles/turtlesim__rosidl_typesupport_introspection_c.dir/rosidl_typesupport_introspection_c/turtlesim/srv/detail/teleport_relative__type_support.c.o[0m
[4.185s] [ 62%] [32mBuilding CXX object CMakeFiles/turtlesim_node.dir/src/turtlesim.cpp.o[0m
[4.191s] [ 63%] [32mBuilding CXX object CMakeFiles/turtlesim__rosidl_typesupport_fastrtps_cpp.dir/rosidl_typesupport_fastrtps_cpp/turtlesim/srv/detail/dds_fastrtps/spawn__type_support.cpp.o[0m
[4.196s] [ 64%] [32mBuilding CXX object CMakeFiles/mimic.dir/tutorials/mimic.cpp.o[0m
[4.216s] [ 65%] [32mBuilding CXX object CMakeFiles/turtlesim__rosidl_typesupport_fastrtps_c.dir/rosidl_typesupport_fastrtps_c/turtlesim/msg/detail/pose__type_support_c.cpp.o[0m
[4.224s] [ 66%] [32mBuilding CXX object CMakeFiles/turtlesim_node.dir/src/turtle.cpp.o[0m
[4.240s] [ 67%] [32m[1mLinking C shared library libturtlesim__rosidl_typesupport_introspection_c.so[0m
[4.292s] [ 68%] [32mBuilding CXX object CMakeFiles/turtlesim__rosidl_typesupport_fastrtps_c.dir/rosidl_typesupport_fastrtps_c/turtlesim/srv/detail/kill__type_support_c.cpp.o[0m
[4.306s] [ 69%] [32m[1mLinking CXX shared library libturtlesim__rosidl_typesupport_introspection_cpp.so[0m
[4.307s] [ 69%] Built target turtlesim__rosidl_typesupport_introspection_c
[4.307s] [ 70%] [32mBuilding CXX object CMakeFiles/turtlesim_node.dir/src/turtle_frame.cpp.o[0m
[4.322s] [ 71%] [32mBuilding CXX object CMakeFiles/turtlesim_node.dir/include/turtlesim/moc_turtle_frame.cpp.o[0m
[4.365s] [ 72%] [32mBuilding CXX object CMakeFiles/turtlesim__rosidl_typesupport_fastrtps_c.dir/rosidl_typesupport_fastrtps_c/turtlesim/srv/detail/set_pen__type_support_c.cpp.o[0m
[4.387s] [ 73%] [32mBuilding CXX object CMakeFiles/turtlesim__rosidl_typesupport_fastrtps_c.dir/rosidl_typesupport_fastrtps_c/turtlesim/srv/detail/spawn__type_support_c.cpp.o[0m
[4.470s] [ 73%] Built target turtlesim__rosidl_typesupport_introspection_cpp
[4.485s] [ 74%] [32mBuilding CXX object CMakeFiles/turtlesim__rosidl_typesupport_fastrtps_cpp.dir/rosidl_typesupport_fastrtps_cpp/turtlesim/srv/detail/dds_fastrtps/teleport_absolute__type_support.cpp.o[0m
[4.605s] [ 75%] [32mBuilding CXX object CMakeFiles/turtlesim__rosidl_typesupport_fastrtps_cpp.dir/rosidl_typesupport_fastrtps_cpp/turtlesim/srv/detail/dds_fastrtps/teleport_relative__type_support.cpp.o[0m
[4.617s] [ 76%] [32mBuilding CXX object CMakeFiles/turtlesim__rosidl_typesupport_fastrtps_c.dir/rosidl_typesupport_fastrtps_c/turtlesim/srv/detail/teleport_absolute__type_support_c.cpp.o[0m
[4.648s] [ 77%] [32mBuilding CXX object CMakeFiles/turtlesim__rosidl_typesupport_fastrtps_c.dir/rosidl_typesupport_fastrtps_c/turtlesim/srv/detail/teleport_relative__type_support_c.cpp.o[0m
[5.146s] [ 78%] [32m[1mLinking CXX shared library libturtlesim__rosidl_typesupport_fastrtps_cpp.so[0m
[5.217s] [ 79%] [32m[1mLinking CXX shared library libturtlesim__rosidl_typesupport_fastrtps_c.so[0m
[5.255s] [ 79%] Built target turtlesim__rosidl_typesupport_fastrtps_cpp
[5.337s] [ 79%] Built target turtlesim__rosidl_typesupport_fastrtps_c
[5.363s] [ 79%] Built target turtlesim
[5.388s] [ 80%] [34m[1mGenerating Python code for ROS interfaces[0m
[6.982s] [ 80%] Built target turtlesim__py
[7.010s] [ 83%] [32mBuilding C object CMakeFiles/turtlesim__rosidl_generator_py.dir/rosidl_generator_py/turtlesim/srv/_set_pen_s.c.o[0m
[7.011s] [ 83%] [32mBuilding C object CMakeFiles/turtlesim__rosidl_generator_py.dir/rosidl_generator_py/turtlesim/msg/_pose_s.c.o[0m
[7.012s] [ 85%] [32mBuilding C object CMakeFiles/turtlesim__rosidl_generator_py.dir/rosidl_generator_py/turtlesim/action/_rotate_absolute_s.c.o[0m
[7.012s] [ 85%] [32mBuilding C object CMakeFiles/turtlesim__rosidl_generator_py.dir/rosidl_generator_py/turtlesim/msg/_color_s.c.o[0m
[7.012s] [ 85%] [32mBuilding C object CMakeFiles/turtlesim__rosidl_generator_py.dir/rosidl_generator_py/turtlesim/srv/_kill_s.c.o[0m
[7.012s] [ 86%] [32mBuilding C object CMakeFiles/turtlesim__rosidl_generator_py.dir/rosidl_generator_py/turtlesim/srv/_spawn_s.c.o[0m
[7.012s] [ 87%] [32mBuilding C object CMakeFiles/turtlesim__rosidl_generator_py.dir/rosidl_generator_py/turtlesim/srv/_teleport_absolute_s.c.o[0m
[7.012s] [ 88%] [32mBuilding C object CMakeFiles/turtlesim__rosidl_generator_py.dir/rosidl_generator_py/turtlesim/srv/_teleport_relative_s.c.o[0m
[7.242s] [ 89%] [32m[1mLinking C shared library rosidl_generator_py/turtlesim/libturtlesim__rosidl_generator_py.so[0m
[7.296s] [ 89%] Built target turtlesim__rosidl_generator_py
[7.322s] [ 90%] [32mBuilding C object CMakeFiles/turtlesim__rosidl_typesupport_fastrtps_c__pyext.dir/rosidl_generator_py/turtlesim/_turtlesim_s.ep.rosidl_typesupport_fastrtps_c.c.o[0m
[7.329s] [ 92%] [32mBuilding C object CMakeFiles/turtlesim__rosidl_typesupport_introspection_c__pyext.dir/rosidl_generator_py/turtlesim/_turtlesim_s.ep.rosidl_typesupport_introspection_c.c.o[0m
[7.329s] [ 92%] [32mBuilding C object CMakeFiles/turtlesim__rosidl_typesupport_c__pyext.dir/rosidl_generator_py/turtlesim/_turtlesim_s.ep.rosidl_typesupport_c.c.o[0m
[7.497s] [ 93%] [32m[1mLinking C shared library rosidl_generator_py/turtlesim/turtlesim_s__rosidl_typesupport_fastrtps_c.cpython-310-x86_64-linux-gnu.so[0m
[7.546s] [ 93%] Built target turtlesim__rosidl_typesupport_fastrtps_c__pyext
[7.593s] [ 94%] [32m[1mLinking C shared library rosidl_generator_py/turtlesim/turtlesim_s__rosidl_typesupport_introspection_c.cpython-310-x86_64-linux-gnu.so[0m
[7.593s] [ 95%] [32m[1mLinking C shared library rosidl_generator_py/turtlesim/turtlesim_s__rosidl_typesupport_c.cpython-310-x86_64-linux-gnu.so[0m
[7.644s] [ 95%] Built target turtlesim__rosidl_typesupport_introspection_c__pyext
[7.653s] [ 95%] Built target turtlesim__rosidl_typesupport_c__pyext
[10.688s] [ 96%] [32m[1mLinking CXX executable turtle_teleop_key[0m
[10.949s] [ 96%] Built target turtle_teleop_key
[12.684s] [ 97%] [32m[1mLinking CXX executable mimic[0m
[13.017s] [ 97%] Built target mimic
[13.312s] [ 98%] [32m[1mLinking CXX executable draw_square[0m
[13.650s] [ 98%] Built target draw_square
[15.757s] [100%] [32m[1mLinking CXX executable turtlesim_node[0m
[17.354s] [100%] Built target turtlesim_node
[17.366s] Invoked command in '/home/jone/ros2_ws/build/turtlesim' returned '0': CMAKE_PREFIX_PATH=/opt/ros/humble /usr/bin/cmake --build /home/jone/ros2_ws/build/turtlesim -- -j16 -l16
[17.374s] Invoking command in '/home/jone/ros2_ws/build/turtlesim': CMAKE_PREFIX_PATH=/opt/ros/humble /usr/bin/cmake --install /home/jone/ros2_ws/build/turtlesim
[17.380s] -- Install configuration: ""
[17.380s] -- Installing: /home/jone/ros2_ws/install/turtlesim/share/ament_index/resource_index/rosidl_interfaces/turtlesim
[17.380s] -- Installing: /home/jone/ros2_ws/install/turtlesim/include/turtlesim/turtlesim
[17.380s] -- Installing: /home/jone/ros2_ws/install/turtlesim/include/turtlesim/turtlesim/action
[17.380s] -- Installing: /home/jone/ros2_ws/install/turtlesim/include/turtlesim/turtlesim/action/rotate_absolute.h
[17.380s] -- Installing: /home/jone/ros2_ws/install/turtlesim/include/turtlesim/turtlesim/action/detail
[17.380s] -- Installing: /home/jone/ros2_ws/install/turtlesim/include/turtlesim/turtlesim/action/detail/rotate_absolute__struct.h
[17.381s] -- Installing: /home/jone/ros2_ws/install/turtlesim/include/turtlesim/turtlesim/action/detail/rotate_absolute__functions.h
[17.381s] -- Installing: /home/jone/ros2_ws/install/turtlesim/include/turtlesim/turtlesim/action/detail/rotate_absolute__type_support.h
[17.381s] -- Installing: /home/jone/ros2_ws/install/turtlesim/include/turtlesim/turtlesim/action/detail/rotate_absolute__functions.c
[17.381s] -- Installing: /home/jone/ros2_ws/install/turtlesim/include/turtlesim/turtlesim/msg
[17.381s] -- Installing: /home/jone/ros2_ws/install/turtlesim/include/turtlesim/turtlesim/msg/pose.h
[17.381s] -- Installing: /home/jone/ros2_ws/install/turtlesim/include/turtlesim/turtlesim/msg/color.h
[17.381s] -- Installing: /home/jone/ros2_ws/install/turtlesim/include/turtlesim/turtlesim/msg/detail
[17.381s] -- Installing: /home/jone/ros2_ws/install/turtlesim/include/turtlesim/turtlesim/msg/detail/pose__functions.h
[17.381s] -- Installing: /home/jone/ros2_ws/install/turtlesim/include/turtlesim/turtlesim/msg/detail/color__functions.c
[17.382s] -- Installing: /home/jone/ros2_ws/install/turtlesim/include/turtlesim/turtlesim/msg/detail/pose__functions.c
[17.382s] -- Installing: /home/jone/ros2_ws/install/turtlesim/include/turtlesim/turtlesim/msg/detail/pose__struct.h
[17.382s] -- Installing: /home/jone/ros2_ws/install/turtlesim/include/turtlesim/turtlesim/msg/detail/pose__type_support.h
[17.382s] -- Installing: /home/jone/ros2_ws/install/turtlesim/include/turtlesim/turtlesim/msg/detail/color__type_support.h
[17.382s] -- Installing: /home/jone/ros2_ws/install/turtlesim/include/turtlesim/turtlesim/msg/detail/color__struct.h
[17.382s] -- Installing: /home/jone/ros2_ws/install/turtlesim/include/turtlesim/turtlesim/msg/detail/color__functions.h
[17.382s] -- Installing: /home/jone/ros2_ws/install/turtlesim/include/turtlesim/turtlesim/msg/rosidl_generator_c__visibility_control.h
[17.382s] -- Installing: /home/jone/ros2_ws/install/turtlesim/include/turtlesim/turtlesim/srv
[17.382s] -- Installing: /home/jone/ros2_ws/install/turtlesim/include/turtlesim/turtlesim/srv/kill.h
[17.382s] -- Installing: /home/jone/ros2_ws/install/turtlesim/include/turtlesim/turtlesim/srv/teleport_absolute.h
[17.382s] -- Installing: /home/jone/ros2_ws/install/turtlesim/include/turtlesim/turtlesim/srv/detail
[17.383s] -- Installing: /home/jone/ros2_ws/install/turtlesim/include/turtlesim/turtlesim/srv/detail/teleport_relative__type_support.h
[17.383s] -- Installing: /home/jone/ros2_ws/install/turtlesim/include/turtlesim/turtlesim/srv/detail/set_pen__functions.c
[17.383s] -- Installing: /home/jone/ros2_ws/install/turtlesim/include/turtlesim/turtlesim/srv/detail/set_pen__functions.h
[17.383s] -- Installing: /home/jone/ros2_ws/install/turtlesim/include/turtlesim/turtlesim/srv/detail/spawn__functions.c
[17.383s] -- Installing: /home/jone/ros2_ws/install/turtlesim/include/turtlesim/turtlesim/srv/detail/kill__struct.h
[17.383s] -- Installing: /home/jone/ros2_ws/install/turtlesim/include/turtlesim/turtlesim/srv/detail/teleport_relative__functions.h
[17.383s] -- Installing: /home/jone/ros2_ws/install/turtlesim/include/turtlesim/turtlesim/srv/detail/kill__type_support.h
[17.383s] -- Installing: /home/jone/ros2_ws/install/turtlesim/include/turtlesim/turtlesim/srv/detail/spawn__type_support.h
[17.383s] -- Installing: /home/jone/ros2_ws/install/turtlesim/include/turtlesim/turtlesim/srv/detail/spawn__functions.h
[17.384s] -- Installing: /home/jone/ros2_ws/install/turtlesim/include/turtlesim/turtlesim/srv/detail/teleport_absolute__functions.h
[17.384s] -- Installing: /home/jone/ros2_ws/install/turtlesim/include/turtlesim/turtlesim/srv/detail/teleport_relative__struct.h
[17.384s] -- Installing: /home/jone/ros2_ws/install/turtlesim/include/turtlesim/turtlesim/srv/detail/set_pen__type_support.h
[17.384s] -- Installing: /home/jone/ros2_ws/install/turtlesim/include/turtlesim/turtlesim/srv/detail/kill__functions.h
[17.384s] -- Installing: /home/jone/ros2_ws/install/turtlesim/include/turtlesim/turtlesim/srv/detail/teleport_absolute__type_support.h
[17.384s] -- Installing: /home/jone/ros2_ws/install/turtlesim/include/turtlesim/turtlesim/srv/detail/kill__functions.c
[17.384s] -- Installing: /home/jone/ros2_ws/install/turtlesim/include/turtlesim/turtlesim/srv/detail/teleport_relative__functions.c
[17.384s] -- Installing: /home/jone/ros2_ws/install/turtlesim/include/turtlesim/turtlesim/srv/detail/teleport_absolute__struct.h
[17.384s] -- Installing: /home/jone/ros2_ws/install/turtlesim/include/turtlesim/turtlesim/srv/detail/teleport_absolute__functions.c
[17.384s] -- Installing: /home/jone/ros2_ws/install/turtlesim/include/turtlesim/turtlesim/srv/detail/spawn__struct.h
[17.385s] -- Installing: /home/jone/ros2_ws/install/turtlesim/include/turtlesim/turtlesim/srv/detail/set_pen__struct.h
[17.385s] -- Installing: /home/jone/ros2_ws/install/turtlesim/include/turtlesim/turtlesim/srv/set_pen.h
[17.385s] -- Installing: /home/jone/ros2_ws/install/turtlesim/include/turtlesim/turtlesim/srv/spawn.h
[17.385s] -- Installing: /home/jone/ros2_ws/install/turtlesim/include/turtlesim/turtlesim/srv/teleport_relative.h
[17.385s] -- Installing: /home/jone/ros2_ws/install/turtlesim/share/turtlesim/environment/library_path.sh
[17.385s] -- Installing: /home/jone/ros2_ws/install/turtlesim/share/turtlesim/environment/library_path.dsv
[17.385s] -- Installing: /home/jone/ros2_ws/install/turtlesim/lib/libturtlesim__rosidl_generator_c.so
[17.386s] -- Set runtime path of "/home/jone/ros2_ws/install/turtlesim/lib/libturtlesim__rosidl_generator_c.so" to ""
[17.386s] -- Up-to-date: /home/jone/ros2_ws/install/turtlesim/include/turtlesim/turtlesim
[17.386s] -- Up-to-date: /home/jone/ros2_ws/install/turtlesim/include/turtlesim/turtlesim/action
[17.386s] -- Up-to-date: /home/jone/ros2_ws/install/turtlesim/include/turtlesim/turtlesim/action/detail
[17.386s] -- Installing: /home/jone/ros2_ws/install/turtlesim/include/turtlesim/turtlesim/action/detail/rotate_absolute__rosidl_typesupport_fastrtps_c.h
[17.386s] -- Up-to-date: /home/jone/ros2_ws/install/turtlesim/include/turtlesim/turtlesim/msg
[17.386s] -- Installing: /home/jone/ros2_ws/install/turtlesim/include/turtlesim/turtlesim/msg/rosidl_typesupport_fastrtps_c__visibility_control.h
[17.386s] -- Up-to-date: /home/jone/ros2_ws/install/turtlesim/include/turtlesim/turtlesim/msg/detail
[17.386s] -- Installing: /home/jone/ros2_ws/install/turtlesim/include/turtlesim/turtlesim/msg/detail/color__rosidl_typesupport_fastrtps_c.h
[17.386s] -- Installing: /home/jone/ros2_ws/install/turtlesim/include/turtlesim/turtlesim/msg/detail/pose__rosidl_typesupport_fastrtps_c.h
[17.386s] -- Up-to-date: /home/jone/ros2_ws/install/turtlesim/include/turtlesim/turtlesim/srv
[17.386s] -- Up-to-date: /home/jone/ros2_ws/install/turtlesim/include/turtlesim/turtlesim/srv/detail
[17.386s] -- Installing: /home/jone/ros2_ws/install/turtlesim/include/turtlesim/turtlesim/srv/detail/set_pen__rosidl_typesupport_fastrtps_c.h
[17.387s] -- Installing: /home/jone/ros2_ws/install/turtlesim/include/turtlesim/turtlesim/srv/detail/kill__rosidl_typesupport_fastrtps_c.h
[17.387s] -- Installing: /home/jone/ros2_ws/install/turtlesim/include/turtlesim/turtlesim/srv/detail/spawn__rosidl_typesupport_fastrtps_c.h
[17.387s] -- Installing: /home/jone/ros2_ws/install/turtlesim/include/turtlesim/turtlesim/srv/detail/teleport_absolute__rosidl_typesupport_fastrtps_c.h
[17.387s] -- Installing: /home/jone/ros2_ws/install/turtlesim/include/turtlesim/turtlesim/srv/detail/teleport_relative__rosidl_typesupport_fastrtps_c.h
[17.387s] -- Installing: /home/jone/ros2_ws/install/turtlesim/lib/libturtlesim__rosidl_typesupport_fastrtps_c.so
[17.387s] -- Set runtime path of "/home/jone/ros2_ws/install/turtlesim/lib/libturtlesim__rosidl_typesupport_fastrtps_c.so" to ""
[17.387s] -- Up-to-date: /home/jone/ros2_ws/install/turtlesim/include/turtlesim/turtlesim
[17.387s] -- Up-to-date: /home/jone/ros2_ws/install/turtlesim/include/turtlesim/turtlesim/action
[17.387s] -- Installing: /home/jone/ros2_ws/install/turtlesim/include/turtlesim/turtlesim/action/rotate_absolute.hpp
[17.388s] -- Up-to-date: /home/jone/ros2_ws/install/turtlesim/include/turtlesim/turtlesim/action/detail
[17.388s] -- Installing: /home/jone/ros2_ws/install/turtlesim/include/turtlesim/turtlesim/action/detail/rotate_absolute__traits.hpp
[17.388s] -- Installing: /home/jone/ros2_ws/install/turtlesim/include/turtlesim/turtlesim/action/detail/rotate_absolute__struct.hpp
[17.388s] -- Installing: /home/jone/ros2_ws/install/turtlesim/include/turtlesim/turtlesim/action/detail/rotate_absolute__builder.hpp
[17.388s] -- Installing: /home/jone/ros2_ws/install/turtlesim/include/turtlesim/turtlesim/action/detail/rotate_absolute__type_support.hpp
[17.388s] -- Up-to-date: /home/jone/ros2_ws/install/turtlesim/include/turtlesim/turtlesim/msg
[17.388s] -- Installing: /home/jone/ros2_ws/install/turtlesim/include/turtlesim/turtlesim/msg/pose.hpp
[17.388s] -- Installing: /home/jone/ros2_ws/install/turtlesim/include/turtlesim/turtlesim/msg/rosidl_generator_cpp__visibility_control.hpp
[17.388s] -- Up-to-date: /home/jone/ros2_ws/install/turtlesim/include/turtlesim/turtlesim/msg/detail
[17.388s] -- Installing: /home/jone/ros2_ws/install/turtlesim/include/turtlesim/turtlesim/msg/detail/color__type_support.hpp
[17.388s] -- Installing: /home/jone/ros2_ws/install/turtlesim/include/turtlesim/turtlesim/msg/detail/pose__struct.hpp
[17.388s] -- Installing: /home/jone/ros2_ws/install/turtlesim/include/turtlesim/turtlesim/msg/detail/color__struct.hpp
[17.389s] -- Installing: /home/jone/ros2_ws/install/turtlesim/include/turtlesim/turtlesim/msg/detail/color__traits.hpp
[17.389s] -- Installing: /home/jone/ros2_ws/install/turtlesim/include/turtlesim/turtlesim/msg/detail/pose__type_support.hpp
[17.389s] -- Installing: /home/jone/ros2_ws/install/turtlesim/include/turtlesim/turtlesim/msg/detail/color__builder.hpp
[17.389s] -- Installing: /home/jone/ros2_ws/install/turtlesim/include/turtlesim/turtlesim/msg/detail/pose__traits.hpp
[17.389s] -- Installing: /home/jone/ros2_ws/install/turtlesim/include/turtlesim/turtlesim/msg/detail/pose__builder.hpp
[17.389s] -- Installing: /home/jone/ros2_ws/install/turtlesim/include/turtlesim/turtlesim/msg/color.hpp
[17.389s] -- Up-to-date: /home/jone/ros2_ws/install/turtlesim/include/turtlesim/turtlesim/srv
[17.389s] -- Installing: /home/jone/ros2_ws/install/turtlesim/include/turtlesim/turtlesim/srv/teleport_relative.hpp
[17.389s] -- Installing: /home/jone/ros2_ws/install/turtlesim/include/turtlesim/turtlesim/srv/kill.hpp
[17.389s] -- Installing: /home/jone/ros2_ws/install/turtlesim/include/turtlesim/turtlesim/srv/teleport_absolute.hpp
[17.389s] -- Up-to-date: /home/jone/ros2_ws/install/turtlesim/include/turtlesim/turtlesim/srv/detail
[17.390s] -- Installing: /home/jone/ros2_ws/install/turtlesim/include/turtlesim/turtlesim/srv/detail/spawn__struct.hpp
[17.390s] -- Installing: /home/jone/ros2_ws/install/turtlesim/include/turtlesim/turtlesim/srv/detail/spawn__traits.hpp
[17.390s] -- Installing: /home/jone/ros2_ws/install/turtlesim/include/turtlesim/turtlesim/srv/detail/teleport_absolute__traits.hpp
[17.390s] -- Installing: /home/jone/ros2_ws/install/turtlesim/include/turtlesim/turtlesim/srv/detail/teleport_absolute__builder.hpp
[17.390s] -- Installing: /home/jone/ros2_ws/install/turtlesim/include/turtlesim/turtlesim/srv/detail/set_pen__struct.hpp
[17.390s] -- Installing: /home/jone/ros2_ws/install/turtlesim/include/turtlesim/turtlesim/srv/detail/teleport_relative__builder.hpp
[17.390s] -- Installing: /home/jone/ros2_ws/install/turtlesim/include/turtlesim/turtlesim/srv/detail/set_pen__traits.hpp
[17.390s] -- Installing: /home/jone/ros2_ws/install/turtlesim/include/turtlesim/turtlesim/srv/detail/set_pen__type_support.hpp
[17.390s] -- Installing: /home/jone/ros2_ws/install/turtlesim/include/turtlesim/turtlesim/srv/detail/teleport_absolute__type_support.hpp
[17.390s] -- Installing: /home/jone/ros2_ws/install/turtlesim/include/turtlesim/turtlesim/srv/detail/spawn__builder.hpp
[17.391s] -- Installing: /home/jone/ros2_ws/install/turtlesim/include/turtlesim/turtlesim/srv/detail/kill__traits.hpp
[17.391s] -- Installing: /home/jone/ros2_ws/install/turtlesim/include/turtlesim/turtlesim/srv/detail/teleport_relative__struct.hpp
[17.391s] -- Installing: /home/jone/ros2_ws/install/turtlesim/include/turtlesim/turtlesim/srv/detail/kill__type_support.hpp
[17.391s] -- Installing: /home/jone/ros2_ws/install/turtlesim/include/turtlesim/turtlesim/srv/detail/teleport_absolute__struct.hpp
[17.391s] -- Installing: /home/jone/ros2_ws/install/turtlesim/include/turtlesim/turtlesim/srv/detail/teleport_relative__traits.hpp
[17.391s] -- Installing: /home/jone/ros2_ws/install/turtlesim/include/turtlesim/turtlesim/srv/detail/teleport_relative__type_support.hpp
[17.391s] -- Installing: /home/jone/ros2_ws/install/turtlesim/include/turtlesim/turtlesim/srv/detail/spawn__type_support.hpp
[17.391s] -- Installing: /home/jone/ros2_ws/install/turtlesim/include/turtlesim/turtlesim/srv/detail/set_pen__builder.hpp
[17.391s] -- Installing: /home/jone/ros2_ws/install/turtlesim/include/turtlesim/turtlesim/srv/detail/kill__struct.hpp
[17.392s] -- Installing: /home/jone/ros2_ws/install/turtlesim/include/turtlesim/turtlesim/srv/detail/kill__builder.hpp
[17.392s] -- Installing: /home/jone/ros2_ws/install/turtlesim/include/turtlesim/turtlesim/srv/set_pen.hpp
[17.392s] -- Installing: /home/jone/ros2_ws/install/turtlesim/include/turtlesim/turtlesim/srv/spawn.hpp
[17.392s] -- Up-to-date: /home/jone/ros2_ws/install/turtlesim/include/turtlesim/turtlesim
[17.392s] -- Up-to-date: /home/jone/ros2_ws/install/turtlesim/include/turtlesim/turtlesim/action
[17.392s] -- Up-to-date: /home/jone/ros2_ws/install/turtlesim/include/turtlesim/turtlesim/action/detail
[17.392s] -- Installing: /home/jone/ros2_ws/install/turtlesim/include/turtlesim/turtlesim/action/detail/rotate_absolute__rosidl_typesupport_fastrtps_cpp.hpp
[17.392s] -- Installing: /home/jone/ros2_ws/install/turtlesim/include/turtlesim/turtlesim/action/detail/dds_fastrtps
[17.392s] -- Up-to-date: /home/jone/ros2_ws/install/turtlesim/include/turtlesim/turtlesim/msg
[17.392s] -- Installing: /home/jone/ros2_ws/install/turtlesim/include/turtlesim/turtlesim/msg/rosidl_typesupport_fastrtps_cpp__visibility_control.h
[17.392s] -- Up-to-date: /home/jone/ros2_ws/install/turtlesim/include/turtlesim/turtlesim/msg/detail
[17.392s] -- Installing: /home/jone/ros2_ws/install/turtlesim/include/turtlesim/turtlesim/msg/detail/pose__rosidl_typesupport_fastrtps_cpp.hpp
[17.392s] -- Installing: /home/jone/ros2_ws/install/turtlesim/include/turtlesim/turtlesim/msg/detail/color__rosidl_typesupport_fastrtps_cpp.hpp
[17.393s] -- Installing: /home/jone/ros2_ws/install/turtlesim/include/turtlesim/turtlesim/msg/detail/dds_fastrtps
[17.393s] -- Up-to-date: /home/jone/ros2_ws/install/turtlesim/include/turtlesim/turtlesim/srv
[17.393s] -- Up-to-date: /home/jone/ros2_ws/install/turtlesim/include/turtlesim/turtlesim/srv/detail
[17.393s] -- Installing: /home/jone/ros2_ws/install/turtlesim/include/turtlesim/turtlesim/srv/detail/teleport_relative__rosidl_typesupport_fastrtps_cpp.hpp
[17.393s] -- Installing: /home/jone/ros2_ws/install/turtlesim/include/turtlesim/turtlesim/srv/detail/spawn__rosidl_typesupport_fastrtps_cpp.hpp
[17.393s] -- Installing: /home/jone/ros2_ws/install/turtlesim/include/turtlesim/turtlesim/srv/detail/set_pen__rosidl_typesupport_fastrtps_cpp.hpp
[17.393s] -- Installing: /home/jone/ros2_ws/install/turtlesim/include/turtlesim/turtlesim/srv/detail/kill__rosidl_typesupport_fastrtps_cpp.hpp
[17.393s] -- Installing: /home/jone/ros2_ws/install/turtlesim/include/turtlesim/turtlesim/srv/detail/teleport_absolute__rosidl_typesupport_fastrtps_cpp.hpp
[17.393s] -- Installing: /home/jone/ros2_ws/install/turtlesim/include/turtlesim/turtlesim/srv/detail/dds_fastrtps
[17.393s] -- Installing: /home/jone/ros2_ws/install/turtlesim/lib/libturtlesim__rosidl_typesupport_fastrtps_cpp.so
[17.394s] -- Set runtime path of "/home/jone/ros2_ws/install/turtlesim/lib/libturtlesim__rosidl_typesupport_fastrtps_cpp.so" to ""
[17.394s] -- Up-to-date: /home/jone/ros2_ws/install/turtlesim/include/turtlesim/turtlesim
[17.394s] -- Up-to-date: /home/jone/ros2_ws/install/turtlesim/include/turtlesim/turtlesim/action
[17.394s] -- Up-to-date: /home/jone/ros2_ws/install/turtlesim/include/turtlesim/turtlesim/action/detail
[17.394s] -- Installing: /home/jone/ros2_ws/install/turtlesim/include/turtlesim/turtlesim/action/detail/rotate_absolute__type_support.c
[17.394s] -- Installing: /home/jone/ros2_ws/install/turtlesim/include/turtlesim/turtlesim/action/detail/rotate_absolute__rosidl_typesupport_introspection_c.h
[17.394s] -- Up-to-date: /home/jone/ros2_ws/install/turtlesim/include/turtlesim/turtlesim/msg
[17.394s] -- Installing: /home/jone/ros2_ws/install/turtlesim/include/turtlesim/turtlesim/msg/rosidl_typesupport_introspection_c__visibility_control.h
[17.394s] -- Up-to-date: /home/jone/ros2_ws/install/turtlesim/include/turtlesim/turtlesim/msg/detail
[17.394s] -- Installing: /home/jone/ros2_ws/install/turtlesim/include/turtlesim/turtlesim/msg/detail/pose__type_support.c
[17.394s] -- Installing: /home/jone/ros2_ws/install/turtlesim/include/turtlesim/turtlesim/msg/detail/color__type_support.c
[17.395s] -- Installing: /home/jone/ros2_ws/install/turtlesim/include/turtlesim/turtlesim/msg/detail/pose__rosidl_typesupport_introspection_c.h
[17.395s] -- Installing: /home/jone/ros2_ws/install/turtlesim/include/turtlesim/turtlesim/msg/detail/color__rosidl_typesupport_introspection_c.h
[17.395s] -- Up-to-date: /home/jone/ros2_ws/install/turtlesim/include/turtlesim/turtlesim/srv
[17.395s] -- Up-to-date: /home/jone/ros2_ws/install/turtlesim/include/turtlesim/turtlesim/srv/detail
[17.395s] -- Installing: /home/jone/ros2_ws/install/turtlesim/include/turtlesim/turtlesim/srv/detail/spawn__rosidl_typesupport_introspection_c.h
[17.395s] -- Installing: /home/jone/ros2_ws/install/turtlesim/include/turtlesim/turtlesim/srv/detail/teleport_absolute__type_support.c
[17.395s] -- Installing: /home/jone/ros2_ws/install/turtlesim/include/turtlesim/turtlesim/srv/detail/teleport_absolute__rosidl_typesupport_introspection_c.h
[17.395s] -- Installing: /home/jone/ros2_ws/install/turtlesim/include/turtlesim/turtlesim/srv/detail/teleport_relative__rosidl_typesupport_introspection_c.h
[17.395s] -- Installing: /home/jone/ros2_ws/install/turtlesim/include/turtlesim/turtlesim/srv/detail/set_pen__type_support.c
[17.395s] -- Installing: /home/jone/ros2_ws/install/turtlesim/include/turtlesim/turtlesim/srv/detail/teleport_relative__type_support.c
[17.396s] -- Installing: /home/jone/ros2_ws/install/turtlesim/include/turtlesim/turtlesim/srv/detail/kill__rosidl_typesupport_introspection_c.h
[17.396s] -- Installing: /home/jone/ros2_ws/install/turtlesim/include/turtlesim/turtlesim/srv/detail/set_pen__rosidl_typesupport_introspection_c.h
[17.396s] -- Installing: /home/jone/ros2_ws/install/turtlesim/include/turtlesim/turtlesim/srv/detail/spawn__type_support.c
[17.396s] -- Installing: /home/jone/ros2_ws/install/turtlesim/include/turtlesim/turtlesim/srv/detail/kill__type_support.c
[17.396s] -- Installing: /home/jone/ros2_ws/install/turtlesim/lib/libturtlesim__rosidl_typesupport_introspection_c.so
[17.396s] -- Set runtime path of "/home/jone/ros2_ws/install/turtlesim/lib/libturtlesim__rosidl_typesupport_introspection_c.so" to ""
[17.396s] -- Installing: /home/jone/ros2_ws/install/turtlesim/lib/libturtlesim__rosidl_typesupport_c.so
[17.397s] -- Set runtime path of "/home/jone/ros2_ws/install/turtlesim/lib/libturtlesim__rosidl_typesupport_c.so" to ""
[17.397s] -- Up-to-date: /home/jone/ros2_ws/install/turtlesim/include/turtlesim/turtlesim
[17.397s] -- Up-to-date: /home/jone/ros2_ws/install/turtlesim/include/turtlesim/turtlesim/action
[17.397s] -- Up-to-date: /home/jone/ros2_ws/install/turtlesim/include/turtlesim/turtlesim/action/detail
[17.397s] -- Installing: /home/jone/ros2_ws/install/turtlesim/include/turtlesim/turtlesim/action/detail/rotate_absolute__rosidl_typesupport_introspection_cpp.hpp
[17.397s] -- Installing: /home/jone/ros2_ws/install/turtlesim/include/turtlesim/turtlesim/action/detail/rotate_absolute__type_support.cpp
[17.397s] -- Up-to-date: /home/jone/ros2_ws/install/turtlesim/include/turtlesim/turtlesim/msg
[17.397s] -- Up-to-date: /home/jone/ros2_ws/install/turtlesim/include/turtlesim/turtlesim/msg/detail
[17.397s] -- Installing: /home/jone/ros2_ws/install/turtlesim/include/turtlesim/turtlesim/msg/detail/color__rosidl_typesupport_introspection_cpp.hpp
[17.397s] -- Installing: /home/jone/ros2_ws/install/turtlesim/include/turtlesim/turtlesim/msg/detail/pose__rosidl_typesupport_introspection_cpp.hpp
[17.397s] -- Installing: /home/jone/ros2_ws/install/turtlesim/include/turtlesim/turtlesim/msg/detail/color__type_support.cpp
[17.397s] -- Installing: /home/jone/ros2_ws/install/turtlesim/include/turtlesim/turtlesim/msg/detail/pose__type_support.cpp
[17.398s] -- Up-to-date: /home/jone/ros2_ws/install/turtlesim/include/turtlesim/turtlesim/srv
[17.398s] -- Up-to-date: /home/jone/ros2_ws/install/turtlesim/include/turtlesim/turtlesim/srv/detail
[17.398s] -- Installing: /home/jone/ros2_ws/install/turtlesim/include/turtlesim/turtlesim/srv/detail/teleport_relative__type_support.cpp
[17.398s] -- Installing: /home/jone/ros2_ws/install/turtlesim/include/turtlesim/turtlesim/srv/detail/set_pen__rosidl_typesupport_introspection_cpp.hpp
[17.398s] -- Installing: /home/jone/ros2_ws/install/turtlesim/include/turtlesim/turtlesim/srv/detail/kill__type_support.cpp
[17.398s] -- Installing: /home/jone/ros2_ws/install/turtlesim/include/turtlesim/turtlesim/srv/detail/kill__rosidl_typesupport_introspection_cpp.hpp
[17.398s] -- Installing: /home/jone/ros2_ws/install/turtlesim/include/turtlesim/turtlesim/srv/detail/teleport_absolute__rosidl_typesupport_introspection_cpp.hpp
[17.398s] -- Installing: /home/jone/ros2_ws/install/turtlesim/include/turtlesim/turtlesim/srv/detail/teleport_absolute__type_support.cpp
[17.398s] -- Installing: /home/jone/ros2_ws/install/turtlesim/include/turtlesim/turtlesim/srv/detail/spawn__type_support.cpp
[17.398s] -- Installing: /home/jone/ros2_ws/install/turtlesim/include/turtlesim/turtlesim/srv/detail/teleport_relative__rosidl_typesupport_introspection_cpp.hpp
[17.399s] -- Installing: /home/jone/ros2_ws/install/turtlesim/include/turtlesim/turtlesim/srv/detail/spawn__rosidl_typesupport_introspection_cpp.hpp
[17.399s] -- Installing: /home/jone/ros2_ws/install/turtlesim/include/turtlesim/turtlesim/srv/detail/set_pen__type_support.cpp
[17.399s] -- Installing: /home/jone/ros2_ws/install/turtlesim/lib/libturtlesim__rosidl_typesupport_introspection_cpp.so
[17.399s] -- Set runtime path of "/home/jone/ros2_ws/install/turtlesim/lib/libturtlesim__rosidl_typesupport_introspection_cpp.so" to ""
[17.399s] -- Installing: /home/jone/ros2_ws/install/turtlesim/lib/libturtlesim__rosidl_typesupport_cpp.so
[17.400s] -- Set runtime path of "/home/jone/ros2_ws/install/turtlesim/lib/libturtlesim__rosidl_typesupport_cpp.so" to ""
[17.400s] -- Installing: /home/jone/ros2_ws/install/turtlesim/share/turtlesim/environment/pythonpath.sh
[17.400s] -- Installing: /home/jone/ros2_ws/install/turtlesim/share/turtlesim/environment/pythonpath.dsv
[17.400s] -- Installing: /home/jone/ros2_ws/install/turtlesim/local/lib/python3.10/dist-packages/turtlesim-1.4.2-py3.10.egg-info
[17.400s] -- Installing: /home/jone/ros2_ws/install/turtlesim/local/lib/python3.10/dist-packages/turtlesim-1.4.2-py3.10.egg-info/SOURCES.txt
[17.400s] -- Installing: /home/jone/ros2_ws/install/turtlesim/local/lib/python3.10/dist-packages/turtlesim-1.4.2-py3.10.egg-info/top_level.txt
[17.400s] -- Installing: /home/jone/ros2_ws/install/turtlesim/local/lib/python3.10/dist-packages/turtlesim-1.4.2-py3.10.egg-info/dependency_links.txt
[17.400s] -- Installing: /home/jone/ros2_ws/install/turtlesim/local/lib/python3.10/dist-packages/turtlesim-1.4.2-py3.10.egg-info/PKG-INFO
[17.400s] -- Installing: /home/jone/ros2_ws/install/turtlesim/local/lib/python3.10/dist-packages/turtlesim
[17.400s] -- Installing: /home/jone/ros2_ws/install/turtlesim/local/lib/python3.10/dist-packages/turtlesim/_turtlesim_s.ep.rosidl_typesupport_fastrtps_c.c
[17.401s] -- Installing: /home/jone/ros2_ws/install/turtlesim/local/lib/python3.10/dist-packages/turtlesim/action
[17.401s] -- Installing: /home/jone/ros2_ws/install/turtlesim/local/lib/python3.10/dist-packages/turtlesim/action/__init__.py
[17.401s] -- Installing: /home/jone/ros2_ws/install/turtlesim/local/lib/python3.10/dist-packages/turtlesim/action/_rotate_absolute_s.c
[17.401s] -- Installing: /home/jone/ros2_ws/install/turtlesim/local/lib/python3.10/dist-packages/turtlesim/action/_rotate_absolute.py
[17.401s] -- Installing: /home/jone/ros2_ws/install/turtlesim/local/lib/python3.10/dist-packages/turtlesim/msg
[17.401s] -- Installing: /home/jone/ros2_ws/install/turtlesim/local/lib/python3.10/dist-packages/turtlesim/msg/_color.py
[17.401s] -- Installing: /home/jone/ros2_ws/install/turtlesim/local/lib/python3.10/dist-packages/turtlesim/msg/_color_s.c
[17.401s] -- Installing: /home/jone/ros2_ws/install/turtlesim/local/lib/python3.10/dist-packages/turtlesim/msg/__init__.py
[17.401s] -- Installing: /home/jone/ros2_ws/install/turtlesim/local/lib/python3.10/dist-packages/turtlesim/msg/_pose_s.c
[17.402s] -- Installing: /home/jone/ros2_ws/install/turtlesim/local/lib/python3.10/dist-packages/turtlesim/msg/_pose.py
[17.402s] -- Installing: /home/jone/ros2_ws/install/turtlesim/local/lib/python3.10/dist-packages/turtlesim/turtlesim_s__rosidl_typesupport_introspection_c.cpython-310-x86_64-linux-gnu.so
[17.402s] -- Installing: /home/jone/ros2_ws/install/turtlesim/local/lib/python3.10/dist-packages/turtlesim/turtlesim_s__rosidl_typesupport_c.cpython-310-x86_64-linux-gnu.so
[17.402s] -- Installing: /home/jone/ros2_ws/install/turtlesim/local/lib/python3.10/dist-packages/turtlesim/turtlesim_s__rosidl_typesupport_fastrtps_c.cpython-310-x86_64-linux-gnu.so
[17.402s] -- Installing: /home/jone/ros2_ws/install/turtlesim/local/lib/python3.10/dist-packages/turtlesim/srv
[17.402s] -- Installing: /home/jone/ros2_ws/install/turtlesim/local/lib/python3.10/dist-packages/turtlesim/srv/_set_pen.py
[17.402s] -- Installing: /home/jone/ros2_ws/install/turtlesim/local/lib/python3.10/dist-packages/turtlesim/srv/_spawn_s.c
[17.402s] -- Installing: /home/jone/ros2_ws/install/turtlesim/local/lib/python3.10/dist-packages/turtlesim/srv/_teleport_relative_s.c
[17.403s] -- Installing: /home/jone/ros2_ws/install/turtlesim/local/lib/python3.10/dist-packages/turtlesim/srv/_teleport_relative.py
[17.403s] -- Installing: /home/jone/ros2_ws/install/turtlesim/local/lib/python3.10/dist-packages/turtlesim/srv/_kill_s.c
[17.403s] -- Installing: /home/jone/ros2_ws/install/turtlesim/local/lib/python3.10/dist-packages/turtlesim/srv/_set_pen_s.c
[17.403s] -- Installing: /home/jone/ros2_ws/install/turtlesim/local/lib/python3.10/dist-packages/turtlesim/srv/_teleport_absolute.py
[17.403s] -- Installing: /home/jone/ros2_ws/install/turtlesim/local/lib/python3.10/dist-packages/turtlesim/srv/__init__.py
[17.403s] -- Installing: /home/jone/ros2_ws/install/turtlesim/local/lib/python3.10/dist-packages/turtlesim/srv/_kill.py
[17.403s] -- Installing: /home/jone/ros2_ws/install/turtlesim/local/lib/python3.10/dist-packages/turtlesim/srv/_teleport_absolute_s.c
[17.403s] -- Installing: /home/jone/ros2_ws/install/turtlesim/local/lib/python3.10/dist-packages/turtlesim/srv/_spawn.py
[17.403s] -- Installing: /home/jone/ros2_ws/install/turtlesim/local/lib/python3.10/dist-packages/turtlesim/__init__.py
[17.403s] -- Installing: /home/jone/ros2_ws/install/turtlesim/local/lib/python3.10/dist-packages/turtlesim/libturtlesim__rosidl_generator_py.so
[17.404s] -- Installing: /home/jone/ros2_ws/install/turtlesim/local/lib/python3.10/dist-packages/turtlesim/_turtlesim_s.ep.rosidl_typesupport_introspection_c.c
[17.404s] -- Installing: /home/jone/ros2_ws/install/turtlesim/local/lib/python3.10/dist-packages/turtlesim/_turtlesim_s.ep.rosidl_typesupport_c.c
[17.439s] Listing '/home/jone/ros2_ws/install/turtlesim/local/lib/python3.10/dist-packages/turtlesim'...
[17.439s] Compiling '/home/jone/ros2_ws/install/turtlesim/local/lib/python3.10/dist-packages/turtlesim/__init__.py'...
[17.439s] Listing '/home/jone/ros2_ws/install/turtlesim/local/lib/python3.10/dist-packages/turtlesim/action'...
[17.439s] Compiling '/home/jone/ros2_ws/install/turtlesim/local/lib/python3.10/dist-packages/turtlesim/action/__init__.py'...
[17.439s] Compiling '/home/jone/ros2_ws/install/turtlesim/local/lib/python3.10/dist-packages/turtlesim/action/_rotate_absolute.py'...
[17.439s] Listing '/home/jone/ros2_ws/install/turtlesim/local/lib/python3.10/dist-packages/turtlesim/msg'...
[17.439s] Compiling '/home/jone/ros2_ws/install/turtlesim/local/lib/python3.10/dist-packages/turtlesim/msg/__init__.py'...
[17.439s] Compiling '/home/jone/ros2_ws/install/turtlesim/local/lib/python3.10/dist-packages/turtlesim/msg/_color.py'...
[17.439s] Compiling '/home/jone/ros2_ws/install/turtlesim/local/lib/python3.10/dist-packages/turtlesim/msg/_pose.py'...
[17.439s] Listing '/home/jone/ros2_ws/install/turtlesim/local/lib/python3.10/dist-packages/turtlesim/srv'...
[17.440s] Compiling '/home/jone/ros2_ws/install/turtlesim/local/lib/python3.10/dist-packages/turtlesim/srv/__init__.py'...
[17.440s] Compiling '/home/jone/ros2_ws/install/turtlesim/local/lib/python3.10/dist-packages/turtlesim/srv/_kill.py'...
[17.440s] Compiling '/home/jone/ros2_ws/install/turtlesim/local/lib/python3.10/dist-packages/turtlesim/srv/_set_pen.py'...
[17.440s] Compiling '/home/jone/ros2_ws/install/turtlesim/local/lib/python3.10/dist-packages/turtlesim/srv/_spawn.py'...
[17.440s] Compiling '/home/jone/ros2_ws/install/turtlesim/local/lib/python3.10/dist-packages/turtlesim/srv/_teleport_absolute.py'...
[17.440s] Compiling '/home/jone/ros2_ws/install/turtlesim/local/lib/python3.10/dist-packages/turtlesim/srv/_teleport_relative.py'...
[17.442s] -- Installing: /home/jone/ros2_ws/install/turtlesim/local/lib/python3.10/dist-packages/turtlesim/turtlesim_s__rosidl_typesupport_fastrtps_c.cpython-310-x86_64-linux-gnu.so
[17.442s] -- Set runtime path of "/home/jone/ros2_ws/install/turtlesim/local/lib/python3.10/dist-packages/turtlesim/turtlesim_s__rosidl_typesupport_fastrtps_c.cpython-310-x86_64-linux-gnu.so" to ""
[17.442s] -- Installing: /home/jone/ros2_ws/install/turtlesim/local/lib/python3.10/dist-packages/turtlesim/turtlesim_s__rosidl_typesupport_introspection_c.cpython-310-x86_64-linux-gnu.so
[17.443s] -- Set runtime path of "/home/jone/ros2_ws/install/turtlesim/local/lib/python3.10/dist-packages/turtlesim/turtlesim_s__rosidl_typesupport_introspection_c.cpython-310-x86_64-linux-gnu.so" to ""
[17.443s] -- Installing: /home/jone/ros2_ws/install/turtlesim/local/lib/python3.10/dist-packages/turtlesim/turtlesim_s__rosidl_typesupport_c.cpython-310-x86_64-linux-gnu.so
[17.443s] -- Set runtime path of "/home/jone/ros2_ws/install/turtlesim/local/lib/python3.10/dist-packages/turtlesim/turtlesim_s__rosidl_typesupport_c.cpython-310-x86_64-linux-gnu.so" to ""
[17.443s] -- Installing: /home/jone/ros2_ws/install/turtlesim/lib/libturtlesim__rosidl_generator_py.so
[17.444s] -- Set runtime path of "/home/jone/ros2_ws/install/turtlesim/lib/libturtlesim__rosidl_generator_py.so" to ""
[17.444s] -- Installing: /home/jone/ros2_ws/install/turtlesim/share/turtlesim/action/RotateAbsolute.idl
[17.444s] -- Installing: /home/jone/ros2_ws/install/turtlesim/share/turtlesim/msg/Color.idl
[17.444s] -- Installing: /home/jone/ros2_ws/install/turtlesim/share/turtlesim/msg/Pose.idl
[17.444s] -- Installing: /home/jone/ros2_ws/install/turtlesim/share/turtlesim/srv/Kill.idl
[17.444s] -- Installing: /home/jone/ros2_ws/install/turtlesim/share/turtlesim/srv/SetPen.idl
[17.445s] -- Installing: /home/jone/ros2_ws/install/turtlesim/share/turtlesim/srv/Spawn.idl
[17.445s] -- Installing: /home/jone/ros2_ws/install/turtlesim/share/turtlesim/srv/TeleportAbsolute.idl
[17.445s] -- Installing: /home/jone/ros2_ws/install/turtlesim/share/turtlesim/srv/TeleportRelative.idl
[17.445s] -- Installing: /home/jone/ros2_ws/install/turtlesim/share/turtlesim/action/RotateAbsolute.action
[17.445s] -- Installing: /home/jone/ros2_ws/install/turtlesim/share/turtlesim/msg/Color.msg
[17.445s] -- Installing: /home/jone/ros2_ws/install/turtlesim/share/turtlesim/msg/Pose.msg
[17.445s] -- Installing: /home/jone/ros2_ws/install/turtlesim/share/turtlesim/srv/Kill.srv
[17.445s] -- Installing: /home/jone/ros2_ws/install/turtlesim/share/turtlesim/srv/Kill_Request.msg
[17.445s] -- Installing: /home/jone/ros2_ws/install/turtlesim/share/turtlesim/srv/Kill_Response.msg
[17.446s] -- Installing: /home/jone/ros2_ws/install/turtlesim/share/turtlesim/srv/SetPen.srv
[17.446s] -- Installing: /home/jone/ros2_ws/install/turtlesim/share/turtlesim/srv/SetPen_Request.msg
[17.446s] -- Installing: /home/jone/ros2_ws/install/turtlesim/share/turtlesim/srv/SetPen_Response.msg
[17.446s] -- Installing: /home/jone/ros2_ws/install/turtlesim/share/turtlesim/srv/Spawn.srv
[17.446s] -- Installing: /home/jone/ros2_ws/install/turtlesim/share/turtlesim/srv/Spawn_Request.msg
[17.446s] -- Installing: /home/jone/ros2_ws/install/turtlesim/share/turtlesim/srv/Spawn_Response.msg
[17.446s] -- Installing: /home/jone/ros2_ws/install/turtlesim/share/turtlesim/srv/TeleportAbsolute.srv
[17.446s] -- Installing: /home/jone/ros2_ws/install/turtlesim/share/turtlesim/srv/TeleportAbsolute_Request.msg
[17.447s] -- Installing: /home/jone/ros2_ws/install/turtlesim/share/turtlesim/srv/TeleportAbsolute_Response.msg
[17.447s] -- Installing: /home/jone/ros2_ws/install/turtlesim/share/turtlesim/srv/TeleportRelative.srv
[17.447s] -- Installing: /home/jone/ros2_ws/install/turtlesim/share/turtlesim/srv/TeleportRelative_Request.msg
[17.447s] -- Installing: /home/jone/ros2_ws/install/turtlesim/share/turtlesim/srv/TeleportRelative_Response.msg
[17.447s] -- Installing: /home/jone/ros2_ws/install/turtlesim/lib/turtlesim/turtlesim_node
[17.454s] -- Set runtime path of "/home/jone/ros2_ws/install/turtlesim/lib/turtlesim/turtlesim_node" to ""
[17.454s] -- Installing: /home/jone/ros2_ws/install/turtlesim/lib/turtlesim/turtle_teleop_key
[17.456s] -- Set runtime path of "/home/jone/ros2_ws/install/turtlesim/lib/turtlesim/turtle_teleop_key" to ""
[17.456s] -- Installing: /home/jone/ros2_ws/install/turtlesim/lib/turtlesim/draw_square
[17.460s] -- Set runtime path of "/home/jone/ros2_ws/install/turtlesim/lib/turtlesim/draw_square" to ""
[17.460s] -- Installing: /home/jone/ros2_ws/install/turtlesim/lib/turtlesim/mimic
[17.463s] -- Set runtime path of "/home/jone/ros2_ws/install/turtlesim/lib/turtlesim/mimic" to ""
[17.463s] -- Installing: /home/jone/ros2_ws/install/turtlesim/share/turtlesim/images
[17.463s] -- Installing: /home/jone/ros2_ws/install/turtlesim/share/turtlesim/images/crystal.png
[17.463s] -- Installing: /home/jone/ros2_ws/install/turtlesim/share/turtlesim/images/humble.png
[17.463s] -- Installing: /home/jone/ros2_ws/install/turtlesim/share/turtlesim/images/galactic.png
[17.463s] -- Installing: /home/jone/ros2_ws/install/turtlesim/share/turtlesim/images/ardent.png
[17.463s] -- Installing: /home/jone/ros2_ws/install/turtlesim/share/turtlesim/images/bouncy.png
[17.463s] -- Installing: /home/jone/ros2_ws/install/turtlesim/share/turtlesim/images/eloquent.png
[17.464s] -- Installing: /home/jone/ros2_ws/install/turtlesim/share/turtlesim/images/foxy.png
[17.464s] -- Installing: /home/jone/ros2_ws/install/turtlesim/share/turtlesim/images/dashing.png
[17.464s] -- Installing: /home/jone/ros2_ws/install/turtlesim/share/turtlesim/images/rolling.png
[17.464s] -- Installing: /home/jone/ros2_ws/install/turtlesim/share/turtlesim/launch
[17.464s] -- Installing: /home/jone/ros2_ws/install/turtlesim/share/turtlesim/launch/multisim.launch.py
[17.464s] -- Installing: /home/jone/ros2_ws/install/turtlesim/share/ament_index/resource_index/package_run_dependencies/turtlesim
[17.464s] -- Installing: /home/jone/ros2_ws/install/turtlesim/share/ament_index/resource_index/parent_prefix_path/turtlesim
[17.464s] -- Installing: /home/jone/ros2_ws/install/turtlesim/share/turtlesim/environment/ament_prefix_path.sh
[17.465s] -- Installing: /home/jone/ros2_ws/install/turtlesim/share/turtlesim/environment/ament_prefix_path.dsv
[17.465s] -- Installing: /home/jone/ros2_ws/install/turtlesim/share/turtlesim/environment/path.sh
[17.465s] -- Installing: /home/jone/ros2_ws/install/turtlesim/share/turtlesim/environment/path.dsv
[17.465s] -- Installing: /home/jone/ros2_ws/install/turtlesim/share/turtlesim/local_setup.bash
[17.465s] -- Installing: /home/jone/ros2_ws/install/turtlesim/share/turtlesim/local_setup.sh
[17.465s] -- Installing: /home/jone/ros2_ws/install/turtlesim/share/turtlesim/local_setup.zsh
[17.465s] -- Installing: /home/jone/ros2_ws/install/turtlesim/share/turtlesim/local_setup.dsv
[17.465s] -- Installing: /home/jone/ros2_ws/install/turtlesim/share/turtlesim/package.dsv
[17.466s] -- Installing: /home/jone/ros2_ws/install/turtlesim/share/ament_index/resource_index/packages/turtlesim
[17.466s] -- Installing: /home/jone/ros2_ws/install/turtlesim/share/turtlesim/cmake/export_turtlesim__rosidl_generator_cExport.cmake
[17.466s] -- Installing: /home/jone/ros2_ws/install/turtlesim/share/turtlesim/cmake/export_turtlesim__rosidl_generator_cExport-noconfig.cmake
[17.466s] -- Installing: /home/jone/ros2_ws/install/turtlesim/share/turtlesim/cmake/export_turtlesim__rosidl_typesupport_fastrtps_cExport.cmake
[17.466s] -- Installing: /home/jone/ros2_ws/install/turtlesim/share/turtlesim/cmake/export_turtlesim__rosidl_typesupport_fastrtps_cExport-noconfig.cmake
[17.466s] -- Installing: /home/jone/ros2_ws/install/turtlesim/share/turtlesim/cmake/export_turtlesim__rosidl_generator_cppExport.cmake
[17.466s] -- Installing: /home/jone/ros2_ws/install/turtlesim/share/turtlesim/cmake/export_turtlesim__rosidl_typesupport_fastrtps_cppExport.cmake
[17.467s] -- Installing: /home/jone/ros2_ws/install/turtlesim/share/turtlesim/cmake/export_turtlesim__rosidl_typesupport_fastrtps_cppExport-noconfig.cmake
[17.467s] -- Installing: /home/jone/ros2_ws/install/turtlesim/share/turtlesim/cmake/turtlesim__rosidl_typesupport_introspection_cExport.cmake
[17.467s] -- Installing: /home/jone/ros2_ws/install/turtlesim/share/turtlesim/cmake/turtlesim__rosidl_typesupport_introspection_cExport-noconfig.cmake
[17.467s] -- Installing: /home/jone/ros2_ws/install/turtlesim/share/turtlesim/cmake/turtlesim__rosidl_typesupport_cExport.cmake
[17.467s] -- Installing: /home/jone/ros2_ws/install/turtlesim/share/turtlesim/cmake/turtlesim__rosidl_typesupport_cExport-noconfig.cmake
[17.467s] -- Installing: /home/jone/ros2_ws/install/turtlesim/share/turtlesim/cmake/turtlesim__rosidl_typesupport_introspection_cppExport.cmake
[17.467s] -- Installing: /home/jone/ros2_ws/install/turtlesim/share/turtlesim/cmake/turtlesim__rosidl_typesupport_introspection_cppExport-noconfig.cmake
[17.467s] -- Installing: /home/jone/ros2_ws/install/turtlesim/share/turtlesim/cmake/turtlesim__rosidl_typesupport_cppExport.cmake
[17.468s] -- Installing: /home/jone/ros2_ws/install/turtlesim/share/turtlesim/cmake/turtlesim__rosidl_typesupport_cppExport-noconfig.cmake
[17.468s] -- Installing: /home/jone/ros2_ws/install/turtlesim/share/turtlesim/cmake/export_turtlesim__rosidl_generator_pyExport.cmake
[17.468s] -- Installing: /home/jone/ros2_ws/install/turtlesim/share/turtlesim/cmake/export_turtlesim__rosidl_generator_pyExport-noconfig.cmake
[17.468s] -- Installing: /home/jone/ros2_ws/install/turtlesim/share/turtlesim/cmake/rosidl_cmake-extras.cmake
[17.468s] -- Installing: /home/jone/ros2_ws/install/turtlesim/share/turtlesim/cmake/ament_cmake_export_dependencies-extras.cmake
[17.468s] -- Installing: /home/jone/ros2_ws/install/turtlesim/share/turtlesim/cmake/ament_cmake_export_include_directories-extras.cmake
[17.468s] -- Installing: /home/jone/ros2_ws/install/turtlesim/share/turtlesim/cmake/ament_cmake_export_libraries-extras.cmake
[17.468s] -- Installing: /home/jone/ros2_ws/install/turtlesim/share/turtlesim/cmake/ament_cmake_export_targets-extras.cmake
[17.469s] -- Installing: /home/jone/ros2_ws/install/turtlesim/share/turtlesim/cmake/rosidl_cmake_export_typesupport_targets-extras.cmake
[17.469s] -- Installing: /home/jone/ros2_ws/install/turtlesim/share/turtlesim/cmake/rosidl_cmake_export_typesupport_libraries-extras.cmake
[17.469s] -- Installing: /home/jone/ros2_ws/install/turtlesim/share/turtlesim/cmake/turtlesimConfig.cmake
[17.469s] -- Installing: /home/jone/ros2_ws/install/turtlesim/share/turtlesim/cmake/turtlesimConfig-version.cmake
[17.469s] -- Installing: /home/jone/ros2_ws/install/turtlesim/share/turtlesim/package.xml
[17.472s] Invoked command in '/home/jone/ros2_ws/build/turtlesim' returned '0': CMAKE_PREFIX_PATH=/opt/ros/humble /usr/bin/cmake --install /home/jone/ros2_ws/build/turtlesim
