running develop
running egg_info
creating line_follower.egg-info
writing line_follower.egg-info/PKG-INFO
writing dependency_links to line_follower.egg-info/dependency_links.txt
writing entry points to line_follower.egg-info/entry_points.txt
writing requirements to line_follower.egg-info/requires.txt
writing top-level names to line_follower.egg-info/top_level.txt
writing manifest file 'line_follower.egg-info/SOURCES.txt'
reading manifest file 'line_follower.egg-info/SOURCES.txt'
writing manifest file 'line_follower.egg-info/SOURCES.txt'
running build_ext
Creating /home/jone/robo_400/ros2_ws/install/line_follower/lib/python3.10/site-packages/line-follower.egg-link (link to .)
Installing line_follower_node script to /home/jone/robo_400/ros2_ws/install/line_follower/lib/line_follower

Installed /home/jone/robo_400/ros2_ws/build/line_follower
running symlink_data
symbolically linking /home/jone/robo_400/ros2_ws/build/line_follower/package.xml -> /home/jone/robo_400/ros2_ws/install/line_follower/share/ament_index/resource_index/packages
symbolically linking /home/jone/robo_400/ros2_ws/build/line_follower/package.xml -> /home/jone/robo_400/ros2_ws/install/line_follower/share/line_follower
creating /home/jone/robo_400/ros2_ws/install/line_follower/share/line_follower/launch
symbolically linking /home/jone/robo_400/ros2_ws/build/line_follower/launch/line_follower.launch.py -> /home/jone/robo_400/ros2_ws/install/line_follower/share/line_follower/launch
creating /home/jone/robo_400/ros2_ws/install/line_follower/share/line_follower/worlds
symbolically linking /home/jone/robo_400/ros2_ws/build/line_follower/worlds/line_follower.sdf -> /home/jone/robo_400/ros2_ws/install/line_follower/share/line_follower/worlds
