[0.866s] Invoking command in '/home/jone/robo_400/ros2_ws/build/line_follower': PYTHONPATH=/home/jone/robo_400/ros2_ws/build/line_follower/prefix_override:/usr/lib/python3/dist-packages/colcon_core/task/python/colcon_distutils_commands:/home/jone/robo_400/ros2_ws/install/line_follower/lib/python3.10/site-packages:${PYTHONPATH} /usr/bin/python3 -W ignore:setup.py install is deprecated -W ignore:easy_install command is deprecated setup.py develop --editable --build-directory /home/jone/robo_400/ros2_ws/build/line_follower/build --no-deps symlink_data
[1.066s] running develop
[1.187s] running egg_info
[1.187s] creating line_follower.egg-info
[1.187s] writing line_follower.egg-info/PKG-INFO
[1.187s] writing dependency_links to line_follower.egg-info/dependency_links.txt
[1.187s] writing entry points to line_follower.egg-info/entry_points.txt
[1.187s] writing requirements to line_follower.egg-info/requires.txt
[1.187s] writing top-level names to line_follower.egg-info/top_level.txt
[1.188s] writing manifest file 'line_follower.egg-info/SOURCES.txt'
[1.191s] reading manifest file 'line_follower.egg-info/SOURCES.txt'
[1.191s] writing manifest file 'line_follower.egg-info/SOURCES.txt'
[1.192s] running build_ext
[1.192s] Creating /home/jone/robo_400/ros2_ws/install/line_follower/lib/python3.10/site-packages/line-follower.egg-link (link to .)
[1.192s] Installing line_follower_node script to /home/jone/robo_400/ros2_ws/install/line_follower/lib/line_follower
[1.192s] 
[1.192s] Installed /home/jone/robo_400/ros2_ws/build/line_follower
[1.192s] running symlink_data
[1.192s] symbolically linking /home/jone/robo_400/ros2_ws/build/line_follower/package.xml -> /home/jone/robo_400/ros2_ws/install/line_follower/share/ament_index/resource_index/packages
[1.192s] symbolically linking /home/jone/robo_400/ros2_ws/build/line_follower/package.xml -> /home/jone/robo_400/ros2_ws/install/line_follower/share/line_follower
[1.193s] creating /home/jone/robo_400/ros2_ws/install/line_follower/share/line_follower/launch
[1.193s] symbolically linking /home/jone/robo_400/ros2_ws/build/line_follower/launch/line_follower.launch.py -> /home/jone/robo_400/ros2_ws/install/line_follower/share/line_follower/launch
[1.193s] creating /home/jone/robo_400/ros2_ws/install/line_follower/share/line_follower/worlds
[1.193s] symbolically linking /home/jone/robo_400/ros2_ws/build/line_follower/worlds/line_follower.sdf -> /home/jone/robo_400/ros2_ws/install/line_follower/share/line_follower/worlds
[1.239s] Invoked command in '/home/jone/robo_400/ros2_ws/build/line_follower' returned '0': PYTHONPATH=/home/jone/robo_400/ros2_ws/build/line_follower/prefix_override:/usr/lib/python3/dist-packages/colcon_core/task/python/colcon_distutils_commands:/home/jone/robo_400/ros2_ws/install/line_follower/lib/python3.10/site-packages:${PYTHONPATH} /usr/bin/python3 -W ignore:setup.py install is deprecated -W ignore:easy_install command is deprecated setup.py develop --editable --build-directory /home/jone/robo_400/ros2_ws/build/line_follower/build --no-deps symlink_data
