[0.008s] Invoking command in '/home/jone/ros2_ws/build/cpp_pubsub': CMAKE_PREFIX_PATH=/opt/ros/humble /usr/bin/cmake --build /home/jone/ros2_ws/build/cpp_pubsub -- -j16 -l16
[0.026s] -- Found ament_cmake: 1.3.12 (/opt/ros/humble/share/ament_cmake/cmake)
[0.114s] -- Found rclcpp: 16.0.14 (/opt/ros/humble/share/rclcpp/cmake)
[0.142s] -- Found rosidl_generator_c: 3.1.7 (/opt/ros/humble/share/rosidl_generator_c/cmake)
[0.145s] -- Found rosidl_adapter: 3.1.7 (/opt/ros/humble/share/rosidl_adapter/cmake)
[0.151s] -- Found rosidl_generator_cpp: 3.1.7 (/opt/ros/humble/share/rosidl_generator_cpp/cmake)
[0.159s] -- Using all available rosidl_typesupport_c: rosidl_typesupport_fastrtps_c;rosidl_typesupport_introspection_c
[0.169s] -- Using all available rosidl_typesupport_cpp: rosidl_typesupport_fastrtps_cpp;rosidl_typesupport_introspection_cpp
[0.198s] -- Found rmw_implementation_cmake: 6.1.2 (/opt/ros/humble/share/rmw_implementation_cmake/cmake)
[0.200s] -- Found rmw_fastrtps_cpp: 6.2.8 (/opt/ros/humble/share/rmw_fastrtps_cpp/cmake)
[0.266s] -- Found OpenSSL: /usr/lib/x86_64-linux-gnu/libcrypto.so (found version "3.0.2")  
[0.286s] -- Found FastRTPS: /opt/ros/humble/include  
[0.317s] -- Using RMW implementation 'rmw_fastrtps_cpp' as default
[0.322s] -- Looking for pthread.h
[0.380s] -- Looking for pthread.h - found
[0.380s] -- Performing Test CMAKE_HAVE_LIBC_PTHREAD
[0.440s] -- Performing Test CMAKE_HAVE_LIBC_PTHREAD - Success
[0.440s] -- Found Threads: TRUE  
[0.518s] -- Configuring done
[0.527s] -- Generating done
[0.530s] -- Build files have been written to: /home/jone/ros2_ws/build/cpp_pubsub
[0.558s] [ 25%] [32mBuilding CXX object CMakeFiles/listener.dir/src/subscriber_member_function.cpp.o[0m
[0.560s] [ 50%] [32mBuilding CXX object CMakeFiles/talker.dir/src/publisher_member_function.cpp.o[0m
[3.651s] [ 75%] [32m[1mLinking CXX executable talker[0m
[3.784s] [ 75%] Built target talker
[6.324s] [100%] [32m[1mLinking CXX executable listener[0m
[6.554s] [100%] Built target listener
[6.564s] Invoked command in '/home/jone/ros2_ws/build/cpp_pubsub' returned '0': CMAKE_PREFIX_PATH=/opt/ros/humble /usr/bin/cmake --build /home/jone/ros2_ws/build/cpp_pubsub -- -j16 -l16
[6.572s] Invoking command in '/home/jone/ros2_ws/build/cpp_pubsub': CMAKE_PREFIX_PATH=/opt/ros/humble /usr/bin/cmake --install /home/jone/ros2_ws/build/cpp_pubsub
[6.577s] -- Install configuration: ""
[6.577s] -- Installing: /home/jone/ros2_ws/install/cpp_pubsub/lib/cpp_pubsub/talker
[6.578s] -- Set runtime path of "/home/jone/ros2_ws/install/cpp_pubsub/lib/cpp_pubsub/talker" to ""
[6.578s] -- Installing: /home/jone/ros2_ws/install/cpp_pubsub/lib/cpp_pubsub/listener
[6.581s] -- Set runtime path of "/home/jone/ros2_ws/install/cpp_pubsub/lib/cpp_pubsub/listener" to ""
[6.581s] -- Up-to-date: /home/jone/ros2_ws/install/cpp_pubsub/share/ament_index/resource_index/package_run_dependencies/cpp_pubsub
[6.581s] -- Up-to-date: /home/jone/ros2_ws/install/cpp_pubsub/share/ament_index/resource_index/parent_prefix_path/cpp_pubsub
[6.581s] -- Up-to-date: /home/jone/ros2_ws/install/cpp_pubsub/share/cpp_pubsub/environment/ament_prefix_path.sh
[6.581s] -- Installing: /home/jone/ros2_ws/install/cpp_pubsub/share/cpp_pubsub/environment/ament_prefix_path.dsv
[6.582s] -- Up-to-date: /home/jone/ros2_ws/install/cpp_pubsub/share/cpp_pubsub/environment/path.sh
[6.582s] -- Installing: /home/jone/ros2_ws/install/cpp_pubsub/share/cpp_pubsub/environment/path.dsv
[6.582s] -- Up-to-date: /home/jone/ros2_ws/install/cpp_pubsub/share/cpp_pubsub/local_setup.bash
[6.582s] -- Up-to-date: /home/jone/ros2_ws/install/cpp_pubsub/share/cpp_pubsub/local_setup.sh
[6.582s] -- Up-to-date: /home/jone/ros2_ws/install/cpp_pubsub/share/cpp_pubsub/local_setup.zsh
[6.582s] -- Installing: /home/jone/ros2_ws/install/cpp_pubsub/share/cpp_pubsub/local_setup.dsv
[6.582s] -- Installing: /home/jone/ros2_ws/install/cpp_pubsub/share/cpp_pubsub/package.dsv
[6.582s] -- Up-to-date: /home/jone/ros2_ws/install/cpp_pubsub/share/ament_index/resource_index/packages/cpp_pubsub
[6.582s] -- Up-to-date: /home/jone/ros2_ws/install/cpp_pubsub/share/cpp_pubsub/cmake/cpp_pubsubConfig.cmake
[6.582s] -- Up-to-date: /home/jone/ros2_ws/install/cpp_pubsub/share/cpp_pubsub/cmake/cpp_pubsubConfig-version.cmake
[6.582s] -- Up-to-date: /home/jone/ros2_ws/install/cpp_pubsub/share/cpp_pubsub/package.xml
[6.584s] Invoked command in '/home/jone/ros2_ws/build/cpp_pubsub' returned '0': CMAKE_PREFIX_PATH=/opt/ros/humble /usr/bin/cmake --install /home/jone/ros2_ws/build/cpp_pubsub
