[0.872s] Invoking command in '/home/jone/robo_400/ros2_ws/build/my_package': PYTHONPATH=/home/jone/robo_400/ros2_ws/build/my_package/prefix_override:/usr/lib/python3/dist-packages/colcon_core/task/python/colcon_distutils_commands:/home/jone/robo_400/ros2_ws/install/my_package/lib/python3.10/site-packages:${PYTHONPATH} /usr/bin/python3 -W ignore:setup.py install is deprecated -W ignore:easy_install command is deprecated setup.py develop --uninstall --editable --build-directory /home/jone/robo_400/ros2_ws/build/my_package/build
[1.071s] running develop
[1.194s] Removing /home/jone/robo_400/ros2_ws/install/my_package/lib/python3.10/site-packages/my-package.egg-link (link to .)
[1.232s] Invoked command in '/home/jone/robo_400/ros2_ws/build/my_package' returned '0': PYTHONPATH=/home/jone/robo_400/ros2_ws/build/my_package/prefix_override:/usr/lib/python3/dist-packages/colcon_core/task/python/colcon_distutils_commands:/home/jone/robo_400/ros2_ws/install/my_package/lib/python3.10/site-packages:${PYTHONPATH} /usr/bin/python3 -W ignore:setup.py install is deprecated -W ignore:easy_install command is deprecated setup.py develop --uninstall --editable --build-directory /home/jone/robo_400/ros2_ws/build/my_package/build
[1.234s] Invoking command in '/home/jone/robo_400/ros2_ws/src/my_package': PYTHONPATH=/home/jone/robo_400/ros2_ws/build/my_package/prefix_override:/usr/lib/python3/dist-packages/colcon_core/task/python/colcon_distutils_commands:/home/jone/robo_400/ros2_ws/install/my_package/lib/python3.10/site-packages:${PYTHONPATH} /usr/bin/python3 -W ignore:setup.py install is deprecated -W ignore:easy_install command is deprecated setup.py egg_info --egg-base ../../build/my_package build --build-base /home/jone/robo_400/ros2_ws/build/my_package/build install --record /home/jone/robo_400/ros2_ws/build/my_package/install.log --single-version-externally-managed install_data --force
[1.419s] running egg_info
[1.419s] writing ../../build/my_package/my_package.egg-info/PKG-INFO
[1.420s] writing dependency_links to ../../build/my_package/my_package.egg-info/dependency_links.txt
[1.420s] writing entry points to ../../build/my_package/my_package.egg-info/entry_points.txt
[1.420s] writing requirements to ../../build/my_package/my_package.egg-info/requires.txt
[1.420s] writing top-level names to ../../build/my_package/my_package.egg-info/top_level.txt
[1.421s] reading manifest file '../../build/my_package/my_package.egg-info/SOURCES.txt'
[1.421s] adding license file 'LICENSE'
[1.422s] writing manifest file '../../build/my_package/my_package.egg-info/SOURCES.txt'
[1.422s] running build
[1.422s] running build_py
[1.423s] creating /home/jone/robo_400/ros2_ws/build/my_package/build
[1.423s] creating /home/jone/robo_400/ros2_ws/build/my_package/build/lib
[1.423s] creating /home/jone/robo_400/ros2_ws/build/my_package/build/lib/my_package
[1.423s] copying my_package/my_node.py -> /home/jone/robo_400/ros2_ws/build/my_package/build/lib/my_package
[1.423s] copying my_package/__init__.py -> /home/jone/robo_400/ros2_ws/build/my_package/build/lib/my_package
[1.423s] running install
[1.423s] running install_lib
[1.423s] creating /home/jone/robo_400/ros2_ws/install/my_package/lib/python3.10/site-packages/my_package
[1.423s] copying /home/jone/robo_400/ros2_ws/build/my_package/build/lib/my_package/my_node.py -> /home/jone/robo_400/ros2_ws/install/my_package/lib/python3.10/site-packages/my_package
[1.424s] copying /home/jone/robo_400/ros2_ws/build/my_package/build/lib/my_package/__init__.py -> /home/jone/robo_400/ros2_ws/install/my_package/lib/python3.10/site-packages/my_package
[1.424s] byte-compiling /home/jone/robo_400/ros2_ws/install/my_package/lib/python3.10/site-packages/my_package/my_node.py to my_node.cpython-310.pyc
[1.424s] byte-compiling /home/jone/robo_400/ros2_ws/install/my_package/lib/python3.10/site-packages/my_package/__init__.py to __init__.cpython-310.pyc
[1.424s] running install_data
[1.424s] copying resource/my_package -> /home/jone/robo_400/ros2_ws/install/my_package/share/ament_index/resource_index/packages
[1.425s] copying package.xml -> /home/jone/robo_400/ros2_ws/install/my_package/share/my_package
[1.425s] running install_egg_info
[1.426s] Copying ../../build/my_package/my_package.egg-info to /home/jone/robo_400/ros2_ws/install/my_package/lib/python3.10/site-packages/my_package-0.0.0-py3.10.egg-info
[1.427s] running install_scripts
[1.444s] Installing my_node script to /home/jone/robo_400/ros2_ws/install/my_package/lib/my_package
[1.444s] writing list of installed files to '/home/jone/robo_400/ros2_ws/build/my_package/install.log'
[1.479s] Invoked command in '/home/jone/robo_400/ros2_ws/src/my_package' returned '0': PYTHONPATH=/home/jone/robo_400/ros2_ws/build/my_package/prefix_override:/usr/lib/python3/dist-packages/colcon_core/task/python/colcon_distutils_commands:/home/jone/robo_400/ros2_ws/install/my_package/lib/python3.10/site-packages:${PYTHONPATH} /usr/bin/python3 -W ignore:setup.py install is deprecated -W ignore:easy_install command is deprecated setup.py egg_info --egg-base ../../build/my_package build --build-base /home/jone/robo_400/ros2_ws/build/my_package/build install --record /home/jone/robo_400/ros2_ws/build/my_package/install.log --single-version-externally-managed install_data --force
