[0.007s] Invoking command in '/home/jone/ros2_ws/build/cpp_pubsub': CMAKE_PREFIX_PATH=/opt/ros/humble /usr/bin/cmake /home/jone/ros2_ws/src/cpp_pubsub -DCMAKE_INSTALL_PREFIX=/home/jone/ros2_ws/install/cpp_pubsub
[0.050s] -- The C compiler identification is GNU 11.4.0
[0.092s] -- The CXX compiler identification is GNU 11.4.0
[0.098s] -- Detecting C compiler ABI info
[0.154s] -- Detecting C compiler ABI info - done
[0.159s] -- Check for working C compiler: /usr/bin/cc - skipped
[0.159s] -- Detecting C compile features
[0.160s] -- Detecting C compile features - done
[0.162s] -- Detecting CXX compiler ABI info
[0.224s] -- Detecting CXX compiler ABI info - done
[0.230s] -- Check for working CXX compiler: /usr/bin/c++ - skipped
[0.230s] -- Detecting CXX compile features
[0.230s] -- Detecting CXX compile features - done
[0.232s] -- Found ament_cmake: 1.3.12 (/opt/ros/humble/share/ament_cmake/cmake)
[0.338s] -- Found Python3: /usr/bin/python3 (found version "3.10.12") found components: Interpreter 
[0.402s] -- Found ament_lint_auto: 0.12.14 (/opt/ros/humble/share/ament_lint_auto/cmake)
[0.460s] -- Added test 'cppcheck' to perform static code analysis on C / C++ code
[0.460s] -- Configured cppcheck include dirs: 
[0.460s] -- Configured cppcheck exclude dirs and/or files: 
[0.460s] -- Added test 'lint_cmake' to check CMake code style
[0.461s] -- Added test 'uncrustify' to check C / C++ code style
[0.461s] -- Configured uncrustify additional arguments: 
[0.461s] -- Added test 'xmllint' to check XML markup files
[0.462s] -- Configuring done
[0.465s] -- Generating done
[0.466s] -- Build files have been written to: /home/jone/ros2_ws/build/cpp_pubsub
[0.470s] Invoked command in '/home/jone/ros2_ws/build/cpp_pubsub' returned '0': CMAKE_PREFIX_PATH=/opt/ros/humble /usr/bin/cmake /home/jone/ros2_ws/src/cpp_pubsub -DCMAKE_INSTALL_PREFIX=/home/jone/ros2_ws/install/cpp_pubsub
[0.472s] Invoking command in '/home/jone/ros2_ws/build/cpp_pubsub': CMAKE_PREFIX_PATH=/opt/ros/humble /usr/bin/cmake --build /home/jone/ros2_ws/build/cpp_pubsub -- -j16 -l16
[0.501s] Invoked command in '/home/jone/ros2_ws/build/cpp_pubsub' returned '0': CMAKE_PREFIX_PATH=/opt/ros/humble /usr/bin/cmake --build /home/jone/ros2_ws/build/cpp_pubsub -- -j16 -l16
[0.509s] Invoking command in '/home/jone/ros2_ws/build/cpp_pubsub': CMAKE_PREFIX_PATH=/opt/ros/humble /usr/bin/cmake --install /home/jone/ros2_ws/build/cpp_pubsub
[0.514s] -- Install configuration: ""
[0.514s] -- Installing: /home/jone/ros2_ws/install/cpp_pubsub/share/ament_index/resource_index/package_run_dependencies/cpp_pubsub
[0.514s] -- Installing: /home/jone/ros2_ws/install/cpp_pubsub/share/ament_index/resource_index/parent_prefix_path/cpp_pubsub
[0.515s] -- Installing: /home/jone/ros2_ws/install/cpp_pubsub/share/cpp_pubsub/environment/ament_prefix_path.sh
[0.515s] -- Installing: /home/jone/ros2_ws/install/cpp_pubsub/share/cpp_pubsub/environment/ament_prefix_path.dsv
[0.515s] -- Installing: /home/jone/ros2_ws/install/cpp_pubsub/share/cpp_pubsub/environment/path.sh
[0.515s] -- Installing: /home/jone/ros2_ws/install/cpp_pubsub/share/cpp_pubsub/environment/path.dsv
[0.515s] -- Installing: /home/jone/ros2_ws/install/cpp_pubsub/share/cpp_pubsub/local_setup.bash
[0.515s] -- Installing: /home/jone/ros2_ws/install/cpp_pubsub/share/cpp_pubsub/local_setup.sh
[0.515s] -- Installing: /home/jone/ros2_ws/install/cpp_pubsub/share/cpp_pubsub/local_setup.zsh
[0.515s] -- Installing: /home/jone/ros2_ws/install/cpp_pubsub/share/cpp_pubsub/local_setup.dsv
[0.516s] -- Installing: /home/jone/ros2_ws/install/cpp_pubsub/share/cpp_pubsub/package.dsv
[0.516s] -- Installing: /home/jone/ros2_ws/install/cpp_pubsub/share/ament_index/resource_index/packages/cpp_pubsub
[0.516s] -- Installing: /home/jone/ros2_ws/install/cpp_pubsub/share/cpp_pubsub/cmake/cpp_pubsubConfig.cmake
[0.516s] -- Installing: /home/jone/ros2_ws/install/cpp_pubsub/share/cpp_pubsub/cmake/cpp_pubsubConfig-version.cmake
[0.516s] -- Installing: /home/jone/ros2_ws/install/cpp_pubsub/share/cpp_pubsub/package.xml
[0.518s] Invoked command in '/home/jone/ros2_ws/build/cpp_pubsub' returned '0': CMAKE_PREFIX_PATH=/opt/ros/humble /usr/bin/cmake --install /home/jone/ros2_ws/build/cpp_pubsub
