[0.481s] Invoking command in '/home/jone/ros2_ws/src/my_package': PYTHONPATH=/home/jone/ros2_ws/build/my_package/prefix_override:/usr/lib/python3/dist-packages/colcon_core/task/python/colcon_distutils_commands:/home/jone/ros2_ws/install/my_package/lib/python3.10/site-packages:${PYTHONPATH} /usr/bin/python3 -W ignore:setup.py install is deprecated -W ignore:easy_install command is deprecated setup.py egg_info --egg-base ../../build/my_package build --build-base /home/jone/ros2_ws/build/my_package/build install --record /home/jone/ros2_ws/build/my_package/install.log --single-version-externally-managed install_data
[0.645s] running egg_info
[0.645s] creating ../../build/my_package/my_package.egg-info
[0.646s] writing ../../build/my_package/my_package.egg-info/PKG-INFO
[0.646s] writing dependency_links to ../../build/my_package/my_package.egg-info/dependency_links.txt
[0.646s] writing entry points to ../../build/my_package/my_package.egg-info/entry_points.txt
[0.646s] writing requirements to ../../build/my_package/my_package.egg-info/requires.txt
[0.646s] writing top-level names to ../../build/my_package/my_package.egg-info/top_level.txt
[0.646s] writing manifest file '../../build/my_package/my_package.egg-info/SOURCES.txt'
[0.647s] reading manifest file '../../build/my_package/my_package.egg-info/SOURCES.txt'
[0.647s] adding license file 'LICENSE'
[0.647s] writing manifest file '../../build/my_package/my_package.egg-info/SOURCES.txt'
[0.648s] running build
[0.648s] running build_py
[0.648s] creating /home/jone/ros2_ws/build/my_package/build
[0.648s] creating /home/jone/ros2_ws/build/my_package/build/lib
[0.648s] creating /home/jone/ros2_ws/build/my_package/build/lib/my_package
[0.648s] copying my_package/my_node.py -> /home/jone/ros2_ws/build/my_package/build/lib/my_package
[0.648s] copying my_package/__init__.py -> /home/jone/ros2_ws/build/my_package/build/lib/my_package
[0.648s] running install
[0.648s] running install_lib
[0.649s] creating /home/jone/ros2_ws/install/my_package/lib/python3.10/site-packages/my_package
[0.649s] copying /home/jone/ros2_ws/build/my_package/build/lib/my_package/my_node.py -> /home/jone/ros2_ws/install/my_package/lib/python3.10/site-packages/my_package
[0.649s] copying /home/jone/ros2_ws/build/my_package/build/lib/my_package/__init__.py -> /home/jone/ros2_ws/install/my_package/lib/python3.10/site-packages/my_package
[0.649s] byte-compiling /home/jone/ros2_ws/install/my_package/lib/python3.10/site-packages/my_package/my_node.py to my_node.cpython-310.pyc
[0.649s] byte-compiling /home/jone/ros2_ws/install/my_package/lib/python3.10/site-packages/my_package/__init__.py to __init__.cpython-310.pyc
[0.649s] running install_data
[0.649s] creating /home/jone/ros2_ws/install/my_package/share/ament_index
[0.650s] creating /home/jone/ros2_ws/install/my_package/share/ament_index/resource_index
[0.650s] creating /home/jone/ros2_ws/install/my_package/share/ament_index/resource_index/packages
[0.650s] copying resource/my_package -> /home/jone/ros2_ws/install/my_package/share/ament_index/resource_index/packages
[0.650s] copying package.xml -> /home/jone/ros2_ws/install/my_package/share/my_package
[0.650s] running install_egg_info
[0.651s] Copying ../../build/my_package/my_package.egg-info to /home/jone/ros2_ws/install/my_package/lib/python3.10/site-packages/my_package-0.0.0-py3.10.egg-info
[0.652s] running install_scripts
[0.666s] Installing my_node script to /home/jone/ros2_ws/install/my_package/lib/my_package
[0.666s] writing list of installed files to '/home/jone/ros2_ws/build/my_package/install.log'
[0.681s] Invoked command in '/home/jone/ros2_ws/src/my_package' returned '0': PYTHONPATH=/home/jone/ros2_ws/build/my_package/prefix_override:/usr/lib/python3/dist-packages/colcon_core/task/python/colcon_distutils_commands:/home/jone/ros2_ws/install/my_package/lib/python3.10/site-packages:${PYTHONPATH} /usr/bin/python3 -W ignore:setup.py install is deprecated -W ignore:easy_install command is deprecated setup.py egg_info --egg-base ../../build/my_package build --build-base /home/jone/ros2_ws/build/my_package/build install --record /home/jone/ros2_ws/build/my_package/install.log --single-version-externally-managed install_data
