[0.873s] Invoking command in '/home/jone/robo_400/ros2_ws/build/py_srvcli': PYTHONPATH=/home/jone/robo_400/ros2_ws/build/py_srvcli/prefix_override:/usr/lib/python3/dist-packages/colcon_core/task/python/colcon_distutils_commands:/home/jone/robo_400/ros2_ws/install/py_srvcli/lib/python3.10/site-packages:${PYTHONPATH} /usr/bin/python3 -W ignore:setup.py install is deprecated -W ignore:easy_install command is deprecated setup.py develop --uninstall --editable --build-directory /home/jone/robo_400/ros2_ws/build/py_srvcli/build
[1.070s] running develop
[1.191s] Removing /home/jone/robo_400/ros2_ws/install/py_srvcli/lib/python3.10/site-packages/py-srvcli.egg-link (link to .)
[1.227s] Invoked command in '/home/jone/robo_400/ros2_ws/build/py_srvcli' returned '0': PYTHONPATH=/home/jone/robo_400/ros2_ws/build/py_srvcli/prefix_override:/usr/lib/python3/dist-packages/colcon_core/task/python/colcon_distutils_commands:/home/jone/robo_400/ros2_ws/install/py_srvcli/lib/python3.10/site-packages:${PYTHONPATH} /usr/bin/python3 -W ignore:setup.py install is deprecated -W ignore:easy_install command is deprecated setup.py develop --uninstall --editable --build-directory /home/jone/robo_400/ros2_ws/build/py_srvcli/build
[1.229s] Invoking command in '/home/jone/robo_400/ros2_ws/src/py_srvcli': PYTHONPATH=/home/jone/robo_400/ros2_ws/build/py_srvcli/prefix_override:/usr/lib/python3/dist-packages/colcon_core/task/python/colcon_distutils_commands:/home/jone/robo_400/ros2_ws/install/py_srvcli/lib/python3.10/site-packages:${PYTHONPATH} /usr/bin/python3 -W ignore:setup.py install is deprecated -W ignore:easy_install command is deprecated setup.py egg_info --egg-base ../../build/py_srvcli build --build-base /home/jone/robo_400/ros2_ws/build/py_srvcli/build install --record /home/jone/robo_400/ros2_ws/build/py_srvcli/install.log --single-version-externally-managed install_data --force
[1.415s] running egg_info
[1.415s] writing ../../build/py_srvcli/py_srvcli.egg-info/PKG-INFO
[1.416s] writing dependency_links to ../../build/py_srvcli/py_srvcli.egg-info/dependency_links.txt
[1.416s] writing entry points to ../../build/py_srvcli/py_srvcli.egg-info/entry_points.txt
[1.416s] writing requirements to ../../build/py_srvcli/py_srvcli.egg-info/requires.txt
[1.416s] writing top-level names to ../../build/py_srvcli/py_srvcli.egg-info/top_level.txt
[1.417s] reading manifest file '../../build/py_srvcli/py_srvcli.egg-info/SOURCES.txt'
[1.418s] adding license file 'LICENSE'
[1.418s] writing manifest file '../../build/py_srvcli/py_srvcli.egg-info/SOURCES.txt'
[1.418s] running build
[1.418s] running build_py
[1.419s] creating /home/jone/robo_400/ros2_ws/build/py_srvcli/build
[1.419s] creating /home/jone/robo_400/ros2_ws/build/py_srvcli/build/lib
[1.419s] creating /home/jone/robo_400/ros2_ws/build/py_srvcli/build/lib/py_srvcli
[1.419s] copying py_srvcli/__init__.py -> /home/jone/robo_400/ros2_ws/build/py_srvcli/build/lib/py_srvcli
[1.419s] copying py_srvcli/service_member_function.py -> /home/jone/robo_400/ros2_ws/build/py_srvcli/build/lib/py_srvcli
[1.420s] copying py_srvcli/client_member_function.py -> /home/jone/robo_400/ros2_ws/build/py_srvcli/build/lib/py_srvcli
[1.420s] running install
[1.420s] running install_lib
[1.421s] creating /home/jone/robo_400/ros2_ws/install/py_srvcli/lib/python3.10/site-packages/py_srvcli
[1.421s] copying /home/jone/robo_400/ros2_ws/build/py_srvcli/build/lib/py_srvcli/__init__.py -> /home/jone/robo_400/ros2_ws/install/py_srvcli/lib/python3.10/site-packages/py_srvcli
[1.421s] copying /home/jone/robo_400/ros2_ws/build/py_srvcli/build/lib/py_srvcli/service_member_function.py -> /home/jone/robo_400/ros2_ws/install/py_srvcli/lib/python3.10/site-packages/py_srvcli
[1.421s] copying /home/jone/robo_400/ros2_ws/build/py_srvcli/build/lib/py_srvcli/client_member_function.py -> /home/jone/robo_400/ros2_ws/install/py_srvcli/lib/python3.10/site-packages/py_srvcli
[1.421s] byte-compiling /home/jone/robo_400/ros2_ws/install/py_srvcli/lib/python3.10/site-packages/py_srvcli/__init__.py to __init__.cpython-310.pyc
[1.421s] byte-compiling /home/jone/robo_400/ros2_ws/install/py_srvcli/lib/python3.10/site-packages/py_srvcli/service_member_function.py to service_member_function.cpython-310.pyc
[1.422s] byte-compiling /home/jone/robo_400/ros2_ws/install/py_srvcli/lib/python3.10/site-packages/py_srvcli/client_member_function.py to client_member_function.cpython-310.pyc
[1.422s] running install_data
[1.422s] copying resource/py_srvcli -> /home/jone/robo_400/ros2_ws/install/py_srvcli/share/ament_index/resource_index/packages
[1.422s] copying package.xml -> /home/jone/robo_400/ros2_ws/install/py_srvcli/share/py_srvcli
[1.422s] running install_egg_info
[1.424s] Copying ../../build/py_srvcli/py_srvcli.egg-info to /home/jone/robo_400/ros2_ws/install/py_srvcli/lib/python3.10/site-packages/py_srvcli-0.0.0-py3.10.egg-info
[1.424s] running install_scripts
[1.442s] Installing client script to /home/jone/robo_400/ros2_ws/install/py_srvcli/lib/py_srvcli
[1.442s] Installing service script to /home/jone/robo_400/ros2_ws/install/py_srvcli/lib/py_srvcli
[1.443s] writing list of installed files to '/home/jone/robo_400/ros2_ws/build/py_srvcli/install.log'
[1.482s] Invoked command in '/home/jone/robo_400/ros2_ws/src/py_srvcli' returned '0': PYTHONPATH=/home/jone/robo_400/ros2_ws/build/py_srvcli/prefix_override:/usr/lib/python3/dist-packages/colcon_core/task/python/colcon_distutils_commands:/home/jone/robo_400/ros2_ws/install/py_srvcli/lib/python3.10/site-packages:${PYTHONPATH} /usr/bin/python3 -W ignore:setup.py install is deprecated -W ignore:easy_install command is deprecated setup.py egg_info --egg-base ../../build/py_srvcli build --build-base /home/jone/robo_400/ros2_ws/build/py_srvcli/build install --record /home/jone/robo_400/ros2_ws/build/py_srvcli/install.log --single-version-externally-managed install_data --force
