[0.838s] Invoking command in '/home/jone/robo_400/ros2_ws/build/py_srvcli': PYTHONPATH=/home/jone/robo_400/ros2_ws/build/py_srvcli/prefix_override:/usr/lib/python3/dist-packages/colcon_core/task/python/colcon_distutils_commands:/home/jone/robo_400/ros2_ws/install/py_srvcli/lib/python3.10/site-packages:${PYTHONPATH} /usr/bin/python3 -W ignore:setup.py install is deprecated -W ignore:easy_install command is deprecated setup.py develop --editable --build-directory /home/jone/robo_400/ros2_ws/build/py_srvcli/build --no-deps symlink_data
[1.038s] running develop
[1.157s] running egg_info
[1.157s] creating py_srvcli.egg-info
[1.157s] writing py_srvcli.egg-info/PKG-INFO
[1.157s] writing dependency_links to py_srvcli.egg-info/dependency_links.txt
[1.158s] writing entry points to py_srvcli.egg-info/entry_points.txt
[1.158s] writing requirements to py_srvcli.egg-info/requires.txt
[1.158s] writing top-level names to py_srvcli.egg-info/top_level.txt
[1.158s] writing manifest file 'py_srvcli.egg-info/SOURCES.txt'
[1.159s] reading manifest file 'py_srvcli.egg-info/SOURCES.txt'
[1.159s] writing manifest file 'py_srvcli.egg-info/SOURCES.txt'
[1.160s] running build_ext
[1.161s] Creating /home/jone/robo_400/ros2_ws/install/py_srvcli/lib/python3.10/site-packages/py-srvcli.egg-link (link to .)
[1.161s] Installing client script to /home/jone/robo_400/ros2_ws/install/py_srvcli/lib/py_srvcli
[1.161s] Installing service script to /home/jone/robo_400/ros2_ws/install/py_srvcli/lib/py_srvcli
[1.162s] 
[1.162s] Installed /home/jone/robo_400/ros2_ws/build/py_srvcli
[1.162s] running symlink_data
[1.162s] creating /home/jone/robo_400/ros2_ws/install/py_srvcli/share/ament_index
[1.162s] creating /home/jone/robo_400/ros2_ws/install/py_srvcli/share/ament_index/resource_index
[1.162s] creating /home/jone/robo_400/ros2_ws/install/py_srvcli/share/ament_index/resource_index/packages
[1.162s] symbolically linking /home/jone/robo_400/ros2_ws/build/py_srvcli/resource/py_srvcli -> /home/jone/robo_400/ros2_ws/install/py_srvcli/share/ament_index/resource_index/packages
[1.162s] symbolically linking /home/jone/robo_400/ros2_ws/build/py_srvcli/package.xml -> /home/jone/robo_400/ros2_ws/install/py_srvcli/share/py_srvcli
[1.197s] Invoked command in '/home/jone/robo_400/ros2_ws/build/py_srvcli' returned '0': PYTHONPATH=/home/jone/robo_400/ros2_ws/build/py_srvcli/prefix_override:/usr/lib/python3/dist-packages/colcon_core/task/python/colcon_distutils_commands:/home/jone/robo_400/ros2_ws/install/py_srvcli/lib/python3.10/site-packages:${PYTHONPATH} /usr/bin/python3 -W ignore:setup.py install is deprecated -W ignore:easy_install command is deprecated setup.py develop --editable --build-directory /home/jone/robo_400/ros2_ws/build/py_srvcli/build --no-deps symlink_data
