[0.395s] Invoking command in '/home/jone/ros2_ws/src/py_srvcli': PYTHONPATH=/home/jone/ros2_ws/build/py_srvcli/prefix_override:/usr/lib/python3/dist-packages/colcon_core/task/python/colcon_distutils_commands:/home/jone/ros2_ws/install/py_srvcli/lib/python3.10/site-packages:${PYTHONPATH} /usr/bin/python3 -W ignore:setup.py install is deprecated -W ignore:easy_install command is deprecated setup.py egg_info --egg-base ../../build/py_srvcli build --build-base /home/jone/ros2_ws/build/py_srvcli/build install --record /home/jone/ros2_ws/build/py_srvcli/install.log --single-version-externally-managed install_data
[0.557s] running egg_info
[0.558s] creating ../../build/py_srvcli/py_srvcli.egg-info
[0.558s] writing ../../build/py_srvcli/py_srvcli.egg-info/PKG-INFO
[0.558s] writing dependency_links to ../../build/py_srvcli/py_srvcli.egg-info/dependency_links.txt
[0.558s] writing entry points to ../../build/py_srvcli/py_srvcli.egg-info/entry_points.txt
[0.558s] writing requirements to ../../build/py_srvcli/py_srvcli.egg-info/requires.txt
[0.558s] writing top-level names to ../../build/py_srvcli/py_srvcli.egg-info/top_level.txt
[0.558s] writing manifest file '../../build/py_srvcli/py_srvcli.egg-info/SOURCES.txt'
[0.559s] reading manifest file '../../build/py_srvcli/py_srvcli.egg-info/SOURCES.txt'
[0.559s] adding license file 'LICENSE'
[0.560s] writing manifest file '../../build/py_srvcli/py_srvcli.egg-info/SOURCES.txt'
[0.560s] running build
[0.560s] running build_py
[0.560s] creating /home/jone/ros2_ws/build/py_srvcli/build
[0.560s] creating /home/jone/ros2_ws/build/py_srvcli/build/lib
[0.560s] creating /home/jone/ros2_ws/build/py_srvcli/build/lib/py_srvcli
[0.560s] copying py_srvcli/__init__.py -> /home/jone/ros2_ws/build/py_srvcli/build/lib/py_srvcli
[0.560s] copying py_srvcli/service_member_function.py -> /home/jone/ros2_ws/build/py_srvcli/build/lib/py_srvcli
[0.560s] copying py_srvcli/client_member_function.py -> /home/jone/ros2_ws/build/py_srvcli/build/lib/py_srvcli
[0.560s] running install
[0.561s] running install_lib
[0.561s] creating /home/jone/ros2_ws/install/py_srvcli/lib/python3.10/site-packages/py_srvcli
[0.561s] copying /home/jone/ros2_ws/build/py_srvcli/build/lib/py_srvcli/__init__.py -> /home/jone/ros2_ws/install/py_srvcli/lib/python3.10/site-packages/py_srvcli
[0.561s] copying /home/jone/ros2_ws/build/py_srvcli/build/lib/py_srvcli/service_member_function.py -> /home/jone/ros2_ws/install/py_srvcli/lib/python3.10/site-packages/py_srvcli
[0.561s] copying /home/jone/ros2_ws/build/py_srvcli/build/lib/py_srvcli/client_member_function.py -> /home/jone/ros2_ws/install/py_srvcli/lib/python3.10/site-packages/py_srvcli
[0.562s] byte-compiling /home/jone/ros2_ws/install/py_srvcli/lib/python3.10/site-packages/py_srvcli/__init__.py to __init__.cpython-310.pyc
[0.562s] byte-compiling /home/jone/ros2_ws/install/py_srvcli/lib/python3.10/site-packages/py_srvcli/service_member_function.py to service_member_function.cpython-310.pyc
[0.562s] byte-compiling /home/jone/ros2_ws/install/py_srvcli/lib/python3.10/site-packages/py_srvcli/client_member_function.py to client_member_function.cpython-310.pyc
[0.562s] running install_data
[0.562s] creating /home/jone/ros2_ws/install/py_srvcli/share/ament_index
[0.562s] creating /home/jone/ros2_ws/install/py_srvcli/share/ament_index/resource_index
[0.562s] creating /home/jone/ros2_ws/install/py_srvcli/share/ament_index/resource_index/packages
[0.563s] copying resource/py_srvcli -> /home/jone/ros2_ws/install/py_srvcli/share/ament_index/resource_index/packages
[0.563s] copying package.xml -> /home/jone/ros2_ws/install/py_srvcli/share/py_srvcli
[0.563s] running install_egg_info
[0.564s] Copying ../../build/py_srvcli/py_srvcli.egg-info to /home/jone/ros2_ws/install/py_srvcli/lib/python3.10/site-packages/py_srvcli-0.0.0-py3.10.egg-info
[0.564s] running install_scripts
[0.579s] Installing client script to /home/jone/ros2_ws/install/py_srvcli/lib/py_srvcli
[0.579s] Installing service script to /home/jone/ros2_ws/install/py_srvcli/lib/py_srvcli
[0.579s] writing list of installed files to '/home/jone/ros2_ws/build/py_srvcli/install.log'
[0.594s] Invoked command in '/home/jone/ros2_ws/src/py_srvcli' returned '0': PYTHONPATH=/home/jone/ros2_ws/build/py_srvcli/prefix_override:/usr/lib/python3/dist-packages/colcon_core/task/python/colcon_distutils_commands:/home/jone/ros2_ws/install/py_srvcli/lib/python3.10/site-packages:${PYTHONPATH} /usr/bin/python3 -W ignore:setup.py install is deprecated -W ignore:easy_install command is deprecated setup.py egg_info --egg-base ../../build/py_srvcli build --build-base /home/jone/ros2_ws/build/py_srvcli/build install --record /home/jone/ros2_ws/build/py_srvcli/install.log --single-version-externally-managed install_data
